{"meta": {"format": 3, "version": "7.11.0", "timestamp": "2026-04-21T17:14:23.303150", "branch_coverage": false, "show_contexts": false}, "files": {"context_bridge/__init__.py": {"executed_lines": [1, 3, 5, 6, 7, 8, 10], "summary": {"covered_lines": 6, "num_statements": 6, "percent_covered": 100.0, "percent_covered_display": "100", "missing_lines": 0, "excluded_lines": 0}, "missing_lines": [], "excluded_lines": [], "functions": {"": {"executed_lines": [1, 3, 5, 6, 7, 8, 10], "summary": {"covered_lines": 6, "num_statements": 6, "percent_covered": 100.0, "percent_covered_display": "100", "missing_lines": 0, "excluded_lines": 0}, "missing_lines": [], "excluded_lines": []}}, "classes": {"": {"executed_lines": [1, 3, 5, 6, 7, 8, 10], "summary": {"covered_lines": 6, "num_statements": 6, "percent_covered": 100.0, "percent_covered_display": "100", "missing_lines": 0, "excluded_lines": 0}, "missing_lines": [], "excluded_lines": []}}}, "context_bridge/agents/__init__.py": {"executed_lines": [1, 7, 9], "summary": {"covered_lines": 2, "num_statements": 2, "percent_covered": 100.0, "percent_covered_display": "100", "missing_lines": 0, "excluded_lines": 0}, "missing_lines": [], "excluded_lines": [], "functions": {"": {"executed_lines": [1, 7, 9], "summary": {"covered_lines": 2, "num_statements": 2, "percent_covered": 100.0, "percent_covered_display": "100", "missing_lines": 0, "excluded_lines": 0}, "missing_lines": [], "excluded_lines": []}}, "classes": {"": {"executed_lines": [1, 7, 9], "summary": {"covered_lines": 2, "num_statements": 2, "percent_covered": 100.0, "percent_covered_display": "100", "missing_lines": 0, "excluded_lines": 0}, "missing_lines": [], "excluded_lines": []}}}, "context_bridge/agents/context_generator.py": {"executed_lines": [1, 16, 17, 18, 20, 21, 23, 24, 26, 29, 32, 33, 35, 39, 60, 69, 70, 72, 86, 87, 90, 91, 92, 94, 95, 96, 97, 98, 105, 106, 108, 110, 123, 125, 127, 137, 141, 143, 144, 146, 147, 149, 151, 152, 155, 174, 175, 176, 177, 180, 182, 183, 196, 197, 199, 200, 203, 204, 205, 206, 207, 212, 213, 215, 216, 218, 220, 244, 245, 246, 248, 254, 256, 259, 260, 261, 262, 267, 269, 272, 274], "summary": {"covered_lines": 77, "num_statements": 86, "percent_covered": 89.53488372093024, "percent_covered_display": "90", "missing_lines": 9, "excluded_lines": 2}, "missing_lines": [148, 150, 153, 208, 209, 263, 264, 265, 270], "excluded_lines": [26, 27], "functions": {"ContextGenerator.__init__": {"executed_lines": [86, 87, 90, 91, 92, 94, 95, 96, 97, 98, 105, 106, 108], "summary": {"covered_lines": 13, "num_statements": 13, "percent_covered": 100.0, "percent_covered_display": "100", "missing_lines": 0, "excluded_lines": 0}, "missing_lines": [], "excluded_lines": []}, "ContextGenerator._create_agent": {"executed_lines": [123, 125, 127, 137, 141], "summary": {"covered_lines": 5, "num_statements": 5, "percent_covered": 100.0, "percent_covered_display": "100", "missing_lines": 0, "excluded_lines": 0}, "missing_lines": [], "excluded_lines": []}, "ContextGenerator._get_usage": {"executed_lines": [146, 147, 149, 151, 152], "summary": {"covered_lines": 5, "num_statements": 8, "percent_covered": 62.5, "percent_covered_display": "62", "missing_lines": 3, "excluded_lines": 0}, "missing_lines": [148, 150, 153], "excluded_lines": []}, "ContextGenerator.generate_context": {"executed_lines": [174, 175, 176, 177, 180, 182, 183, 196, 197, 199, 200, 203, 204, 205, 206, 207, 212, 213, 215, 216, 218], "summary": {"covered_lines": 21, "num_statements": 23, "percent_covered": 91.30434782608695, "percent_covered_display": "91", "missing_lines": 2, "excluded_lines": 0}, "missing_lines": [208, 209], "excluded_lines": []}, "ContextGenerator.generate_contexts_batch": {"executed_lines": [244, 245, 246, 248, 254, 256, 259, 260, 261, 262, 267, 269, 272, 274], "summary": {"covered_lines": 14, "num_statements": 18, "percent_covered": 77.77777777777777, "percent_covered_display": "78", "missing_lines": 4, "excluded_lines": 0}, "missing_lines": [263, 264, 265, 270], "excluded_lines": []}, "": {"executed_lines": [1, 16, 17, 18, 20, 21, 23, 24, 26, 29, 32, 33, 35, 39, 60, 69, 70, 72, 110, 143, 144, 155, 220], "summary": {"covered_lines": 19, "num_statements": 19, "percent_covered": 100.0, "percent_covered_display": "100", "missing_lines": 0, "excluded_lines": 2}, "missing_lines": [], "excluded_lines": [26, 27]}}, "classes": {"ChunkContext": {"executed_lines": [], "summary": {"covered_lines": 0, "num_statements": 0, "percent_covered": 100.0, "percent_covered_display": "100", "missing_lines": 0, "excluded_lines": 0}, "missing_lines": [], "excluded_lines": []}, "ContextGenerator": {"executed_lines": [86, 87, 90, 91, 92, 94, 95, 96, 97, 98, 105, 106, 108, 123, 125, 127, 137, 141, 146, 147, 149, 151, 152, 174, 175, 176, 177, 180, 182, 183, 196, 197, 199, 200, 203, 204, 205, 206, 207, 212, 213, 215, 216, 218, 244, 245, 246, 248, 254, 256, 259, 260, 261, 262, 267, 269, 272, 274], "summary": {"covered_lines": 58, "num_statements": 67, "percent_covered": 86.56716417910448, "percent_covered_display": "87", "missing_lines": 9, "excluded_lines": 0}, "missing_lines": [148, 150, 153, 208, 209, 263, 264, 265, 270], "excluded_lines": []}, "": {"executed_lines": [1, 16, 17, 18, 20, 21, 23, 24, 26, 29, 32, 33, 35, 39, 60, 69, 70, 72, 110, 143, 144, 155, 220], "summary": {"covered_lines": 19, "num_statements": 19, "percent_covered": 100.0, "percent_covered_display": "100", "missing_lines": 0, "excluded_lines": 2}, "missing_lines": [], "excluded_lines": [26, 27]}}}, "context_bridge/config.py": {"executed_lines": [1, 16, 17, 18, 21, 22, 24, 30, 31, 81, 82, 83, 84, 85, 86, 89, 92, 95, 98, 102, 106, 112, 116, 120, 126, 130, 136, 142, 148, 153, 160, 164, 168, 172, 177, 184, 185, 186, 193, 198, 203, 206, 249], "summary": {"covered_lines": 41, "num_statements": 48, "percent_covered": 85.41666666666667, "percent_covered_display": "85", "missing_lines": 7, "excluded_lines": 0}, "missing_lines": [25, 27, 194, 244, 245, 246, 279], "excluded_lines": [], "functions": {"Config.validate_password": {"executed_lines": [193, 198], "summary": {"covered_lines": 2, "num_statements": 3, "percent_covered": 66.66666666666667, "percent_covered_display": "67", "missing_lines": 1, "excluded_lines": 0}, "missing_lines": [194], "excluded_lines": []}, "get_config": {"executed_lines": [], "summary": {"covered_lines": 0, "num_statements": 3, "percent_covered": 0.0, "percent_covered_display": "0", "missing_lines": 3, "excluded_lines": 0}, "missing_lines": [244, 245, 246], "excluded_lines": []}, "set_config": {"executed_lines": [], "summary": {"covered_lines": 0, "num_statements": 1, "percent_covered": 0.0, "percent_covered_display": "0", "missing_lines": 1, "excluded_lines": 0}, "missing_lines": [279], "excluded_lines": []}, "": {"executed_lines": [1, 16, 17, 18, 21, 22, 24, 30, 31, 81, 82, 83, 84, 85, 86, 89, 92, 95, 98, 102, 106, 112, 116, 120, 126, 130, 136, 142, 148, 153, 160, 164, 168, 172, 177, 184, 185, 186, 203, 206, 249], "summary": {"covered_lines": 39, "num_statements": 41, "percent_covered": 95.1219512195122, "percent_covered_display": "95", "missing_lines": 2, "excluded_lines": 0}, "missing_lines": [25, 27], "excluded_lines": []}}, "classes": {"Config": {"executed_lines": [193, 198], "summary": {"covered_lines": 2, "num_statements": 3, "percent_covered": 66.66666666666667, "percent_covered_display": "67", "missing_lines": 1, "excluded_lines": 0}, "missing_lines": [194], "excluded_lines": []}, "": {"executed_lines": [1, 16, 17, 18, 21, 22, 24, 30, 31, 81, 82, 83, 84, 85, 86, 89, 92, 95, 98, 102, 106, 112, 116, 120, 126, 130, 136, 142, 148, 153, 160, 164, 168, 172, 177, 184, 185, 186, 203, 206, 249], "summary": {"covered_lines": 39, "num_statements": 45, "percent_covered": 86.66666666666667, "percent_covered_display": "87", "missing_lines": 6, "excluded_lines": 0}, "missing_lines": [25, 27, 244, 245, 246, 279], "excluded_lines": []}}}, "context_bridge/core.py": {"executed_lines": [1, 9, 10, 11, 12, 13, 14, 16, 18, 19, 20, 21, 27, 28, 29, 30, 31, 32, 33, 34, 35, 36, 37, 38, 39, 47, 50, 51, 127, 145, 146, 147, 148, 149, 150, 151, 152, 153, 154, 156, 158, 160, 161, 163, 165, 167, 172, 176, 179, 180, 183, 184, 187, 188, 189, 192, 203, 204, 205, 206, 209, 210, 212, 213, 215, 217, 218, 219, 220, 222, 224, 225, 229, 236, 238, 245, 247, 254, 256, 264, 265, 266, 267, 268, 269, 272, 273, 280, 285, 287, 337, 363, 390, 391, 400, 496, 514, 515, 516, 517, 519, 532, 533, 539, 557, 558, 562, 575, 576, 582, 610, 612, 614, 619, 624, 626, 703, 767, 768, 771, 773, 782, 796, 804, 873, 975, 999, 1000, 1012, 1025, 1026, 1028, 1041, 1042, 1044, 1058, 1059, 1061, 1075, 1076, 1078, 1092, 1093, 1095, 1108, 1109, 1111, 1132, 1133, 1134], "summary": {"covered_lines": 148, "num_statements": 230, "percent_covered": 64.34782608695652, "percent_covered_display": "64", "missing_lines": 82, "excluded_lines": 0}, "missing_lines": [173, 174, 276, 277, 328, 330, 331, 332, 333, 335, 349, 350, 351, 352, 353, 354, 355, 357, 436, 437, 438, 439, 442, 443, 444, 445, 446, 447, 449, 452, 453, 454, 455, 456, 457, 458, 460, 461, 462, 464, 467, 468, 469, 470, 471, 473, 475, 477, 478, 481, 483, 484, 486, 489, 490, 492, 494, 664, 666, 668, 669, 670, 673, 674, 677, 679, 695, 696, 697, 858, 862, 871, 932, 935, 944, 945, 953, 964, 965, 967, 968, 969], "excluded_lines": [], "functions": {"ContextBridge.__init__": {"executed_lines": [145, 146, 147, 148, 149, 150, 151, 152, 153, 154, 156], "summary": {"covered_lines": 11, "num_statements": 11, "percent_covered": 100.0, "percent_covered_display": "100", "missing_lines": 0, "excluded_lines": 0}, "missing_lines": [], "excluded_lines": []}, "ContextBridge.__aenter__": {"executed_lines": [160, 161], "summary": {"covered_lines": 2, "num_statements": 2, "percent_covered": 100.0, "percent_covered_display": "100", "missing_lines": 0, "excluded_lines": 0}, "missing_lines": [], "excluded_lines": []}, "ContextBridge.__aexit__": {"executed_lines": [165], "summary": {"covered_lines": 1, "num_statements": 1, "percent_covered": 100.0, "percent_covered_display": "100", "missing_lines": 0, "excluded_lines": 0}, "missing_lines": [], "excluded_lines": []}, "ContextBridge.initialize": {"executed_lines": [172, 176, 179, 180, 183, 184, 187, 188, 189, 192, 203, 204, 205, 206, 209, 210, 212, 213], "summary": {"covered_lines": 18, "num_statements": 20, "percent_covered": 90.0, "percent_covered_display": "90", "missing_lines": 2, "excluded_lines": 0}, "missing_lines": [173, 174], "excluded_lines": []}, "ContextBridge.close": {"executed_lines": [217, 218, 219, 220], "summary": {"covered_lines": 4, "num_statements": 4, "percent_covered": 100.0, "percent_covered_display": "100", "missing_lines": 0, "excluded_lines": 0}, "missing_lines": [], "excluded_lines": []}, "ContextBridge._check_initialized": {"executed_lines": [224, 225], "summary": {"covered_lines": 2, "num_statements": 2, "percent_covered": 100.0, "percent_covered_display": "100", "missing_lines": 0, "excluded_lines": 0}, "missing_lines": [], "excluded_lines": []}, "ContextBridge.is_initialized": {"executed_lines": [236], "summary": {"covered_lines": 1, "num_statements": 1, "percent_covered": 100.0, "percent_covered_display": "100", "missing_lines": 0, "excluded_lines": 0}, "missing_lines": [], "excluded_lines": []}, "ContextBridge.get_config": {"executed_lines": [245], "summary": {"covered_lines": 1, "num_statements": 1, "percent_covered": 100.0, "percent_covered_display": "100", "missing_lines": 0, "excluded_lines": 0}, "missing_lines": [], "excluded_lines": []}, "ContextBridge.health_check": {"executed_lines": [254, 256, 264, 265, 266, 267, 268, 269, 272, 273, 280, 285], "summary": {"covered_lines": 12, "num_statements": 14, "percent_covered": 85.71428571428571, "percent_covered_display": "86", "missing_lines": 2, "excluded_lines": 0}, "missing_lines": [276, 277], "excluded_lines": []}, "ContextBridge.set_usage_processor": {"executed_lines": [], "summary": {"covered_lines": 0, "num_statements": 6, "percent_covered": 0.0, "percent_covered_display": "0", "missing_lines": 6, "excluded_lines": 0}, "missing_lines": [328, 330, 331, 332, 333, 335], "excluded_lines": []}, "ContextBridge.set_llm_executor": {"executed_lines": [], "summary": {"covered_lines": 0, "num_statements": 8, "percent_covered": 0.0, "percent_covered_display": "0", "missing_lines": 8, "excluded_lines": 0}, "missing_lines": [349, 350, 351, 352, 353, 354, 355, 357], "excluded_lines": []}, "ContextBridge.crawl_documentation": {"executed_lines": [390, 391], "summary": {"covered_lines": 2, "num_statements": 2, "percent_covered": 100.0, "percent_covered_display": "100", "missing_lines": 0, "excluded_lines": 0}, "missing_lines": [], "excluded_lines": []}, "ContextBridge.find_documents": {"executed_lines": [], "summary": {"covered_lines": 0, "num_statements": 39, "percent_covered": 0.0, "percent_covered_display": "0", "missing_lines": 39, "excluded_lines": 0}, "missing_lines": [436, 437, 438, 439, 442, 443, 444, 445, 446, 447, 449, 452, 453, 454, 455, 456, 457, 458, 460, 461, 462, 464, 467, 468, 469, 470, 471, 473, 475, 477, 478, 481, 483, 484, 486, 489, 490, 492, 494], "excluded_lines": []}, "ContextBridge.list_documents": {"executed_lines": [514, 515, 516, 517], "summary": {"covered_lines": 4, "num_statements": 4, "percent_covered": 100.0, "percent_covered_display": "100", "missing_lines": 0, "excluded_lines": 0}, "missing_lines": [], "excluded_lines": []}, "ContextBridge.delete_document": {"executed_lines": [532, 533], "summary": {"covered_lines": 2, "num_statements": 2, "percent_covered": 100.0, "percent_covered_display": "100", "missing_lines": 0, "excluded_lines": 0}, "missing_lines": [], "excluded_lines": []}, "ContextBridge.list_pages": {"executed_lines": [557, 558], "summary": {"covered_lines": 2, "num_statements": 2, "percent_covered": 100.0, "percent_covered_display": "100", "missing_lines": 0, "excluded_lines": 0}, "missing_lines": [], "excluded_lines": []}, "ContextBridge.delete_page": {"executed_lines": [575, 576], "summary": {"covered_lines": 2, "num_statements": 2, "percent_covered": 100.0, "percent_covered_display": "100", "missing_lines": 0, "excluded_lines": 0}, "missing_lines": [], "excluded_lines": []}, "ContextBridge.list_groups": {"executed_lines": [610, 612, 614, 619, 624], "summary": {"covered_lines": 5, "num_statements": 5, "percent_covered": 100.0, "percent_covered_display": "100", "missing_lines": 0, "excluded_lines": 0}, "missing_lines": [], "excluded_lines": []}, "ContextBridge.get_group_stats": {"executed_lines": [], "summary": {"covered_lines": 0, "num_statements": 12, "percent_covered": 0.0, "percent_covered_display": "0", "missing_lines": 12, "excluded_lines": 0}, "missing_lines": [664, 666, 668, 669, 670, 673, 674, 677, 679, 695, 696, 697], "excluded_lines": []}, "ContextBridge.create_group": {"executed_lines": [767, 768, 771, 773], "summary": {"covered_lines": 4, "num_statements": 4, "percent_covered": 100.0, "percent_covered_display": "100", "missing_lines": 0, "excluded_lines": 0}, "missing_lines": [], "excluded_lines": []}, "ContextBridge.process_pages": {"executed_lines": [796], "summary": {"covered_lines": 1, "num_statements": 1, "percent_covered": 100.0, "percent_covered_display": "100", "missing_lines": 0, "excluded_lines": 0}, "missing_lines": [], "excluded_lines": []}, "ContextBridge.list_reprocessable_groups": {"executed_lines": [], "summary": {"covered_lines": 0, "num_statements": 3, "percent_covered": 0.0, "percent_covered_display": "0", "missing_lines": 3, "excluded_lines": 0}, "missing_lines": [858, 862, 871], "excluded_lines": []}, "ContextBridge.reprocess_group": {"executed_lines": [], "summary": {"covered_lines": 0, "num_statements": 10, "percent_covered": 0.0, "percent_covered_display": "0", "missing_lines": 10, "excluded_lines": 0}, "missing_lines": [932, 935, 944, 945, 953, 964, 965, 967, 968, 969], "excluded_lines": []}, "ContextBridge.search": {"executed_lines": [999, 1000], "summary": {"covered_lines": 2, "num_statements": 2, "percent_covered": 100.0, "percent_covered_display": "100", "missing_lines": 0, "excluded_lines": 0}, "missing_lines": [], "excluded_lines": []}, "ContextBridge.list_tags": {"executed_lines": [1025, 1026], "summary": {"covered_lines": 2, "num_statements": 2, "percent_covered": 100.0, "percent_covered_display": "100", "missing_lines": 0, "excluded_lines": 0}, "missing_lines": [], "excluded_lines": []}, "ContextBridge.get_document_tags": {"executed_lines": [1041, 1042], "summary": {"covered_lines": 2, "num_statements": 2, "percent_covered": 100.0, "percent_covered_display": "100", "missing_lines": 0, "excluded_lines": 0}, "missing_lines": [], "excluded_lines": []}, "ContextBridge.add_tag_to_document": {"executed_lines": [1058, 1059], "summary": {"covered_lines": 2, "num_statements": 2, "percent_covered": 100.0, "percent_covered_display": "100", "missing_lines": 0, "excluded_lines": 0}, "missing_lines": [], "excluded_lines": []}, "ContextBridge.add_tags_to_document": {"executed_lines": [1075, 1076], "summary": {"covered_lines": 2, "num_statements": 2, "percent_covered": 100.0, "percent_covered_display": "100", "missing_lines": 0, "excluded_lines": 0}, "missing_lines": [], "excluded_lines": []}, "ContextBridge.remove_tag_from_document": {"executed_lines": [1092, 1093], "summary": {"covered_lines": 2, "num_statements": 2, "percent_covered": 100.0, "percent_covered_display": "100", "missing_lines": 0, "excluded_lines": 0}, "missing_lines": [], "excluded_lines": []}, "ContextBridge.remove_all_tags_from_document": {"executed_lines": [1108, 1109], "summary": {"covered_lines": 2, "num_statements": 2, "percent_covered": 100.0, "percent_covered_display": "100", "missing_lines": 0, "excluded_lines": 0}, "missing_lines": [], "excluded_lines": []}, "ContextBridge.create_tag": {"executed_lines": [1132, 1133, 1134], "summary": {"covered_lines": 3, "num_statements": 3, "percent_covered": 100.0, "percent_covered_display": "100", "missing_lines": 0, "excluded_lines": 0}, "missing_lines": [], "excluded_lines": []}, "": {"executed_lines": [1, 9, 10, 11, 12, 13, 14, 16, 18, 19, 20, 21, 27, 28, 29, 30, 31, 32, 33, 34, 35, 36, 37, 38, 39, 47, 50, 51, 127, 158, 163, 167, 215, 222, 229, 238, 247, 287, 337, 363, 400, 496, 519, 539, 562, 582, 626, 703, 782, 804, 873, 975, 1012, 1028, 1044, 1061, 1078, 1095, 1111], "summary": {"covered_lines": 57, "num_statements": 57, "percent_covered": 100.0, "percent_covered_display": "100", "missing_lines": 0, "excluded_lines": 0}, "missing_lines": [], "excluded_lines": []}}, "classes": {"ContextBridge": {"executed_lines": [145, 146, 147, 148, 149, 150, 151, 152, 153, 154, 156, 160, 161, 165, 172, 176, 179, 180, 183, 184, 187, 188, 189, 192, 203, 204, 205, 206, 209, 210, 212, 213, 217, 218, 219, 220, 224, 225, 236, 245, 254, 256, 264, 265, 266, 267, 268, 269, 272, 273, 280, 285, 390, 391, 514, 515, 516, 517, 532, 533, 557, 558, 575, 576, 610, 612, 614, 619, 624, 767, 768, 771, 773, 796, 999, 1000, 1025, 1026, 1041, 1042, 1058, 1059, 1075, 1076, 1092, 1093, 1108, 1109, 1132, 1133, 1134], "summary": {"covered_lines": 91, "num_statements": 173, "percent_covered": 52.60115606936416, "percent_covered_display": "53", "missing_lines": 82, "excluded_lines": 0}, "missing_lines": [173, 174, 276, 277, 328, 330, 331, 332, 333, 335, 349, 350, 351, 352, 353, 354, 355, 357, 436, 437, 438, 439, 442, 443, 444, 445, 446, 447, 449, 452, 453, 454, 455, 456, 457, 458, 460, 461, 462, 464, 467, 468, 469, 470, 471, 473, 475, 477, 478, 481, 483, 484, 486, 489, 490, 492, 494, 664, 666, 668, 669, 670, 673, 674, 677, 679, 695, 696, 697, 858, 862, 871, 932, 935, 944, 945, 953, 964, 965, 967, 968, 969], "excluded_lines": []}, "": {"executed_lines": [1, 9, 10, 11, 12, 13, 14, 16, 18, 19, 20, 21, 27, 28, 29, 30, 31, 32, 33, 34, 35, 36, 37, 38, 39, 47, 50, 51, 127, 158, 163, 167, 215, 222, 229, 238, 247, 287, 337, 363, 400, 496, 519, 539, 562, 582, 626, 703, 782, 804, 873, 975, 1012, 1028, 1044, 1061, 1078, 1095, 1111], "summary": {"covered_lines": 57, "num_statements": 57, "percent_covered": 100.0, "percent_covered_display": "100", "missing_lines": 0, "excluded_lines": 0}, "missing_lines": [], "excluded_lines": []}}}, "context_bridge/database/__init__.py": {"executed_lines": [1, 3, 4, 6], "summary": {"covered_lines": 3, "num_statements": 3, "percent_covered": 100.0, "percent_covered_display": "100", "missing_lines": 0, "excluded_lines": 0}, "missing_lines": [], "excluded_lines": [], "functions": {"": {"executed_lines": [1, 3, 4, 6], "summary": {"covered_lines": 3, "num_statements": 3, "percent_covered": 100.0, "percent_covered_display": "100", "missing_lines": 0, "excluded_lines": 0}, "missing_lines": [], "excluded_lines": []}}, "classes": {"": {"executed_lines": [1, 3, 4, 6], "summary": {"covered_lines": 3, "num_statements": 3, "percent_covered": 100.0, "percent_covered_display": "100", "missing_lines": 0, "excluded_lines": 0}, "missing_lines": [], "excluded_lines": []}}}, "context_bridge/database/init_databases.py": {"executed_lines": [1, 17, 18, 19, 20, 21, 22, 26, 29, 91, 149, 188, 309, 363], "summary": {"covered_lines": 12, "num_statements": 214, "percent_covered": 5.607476635514018, "percent_covered_display": "6", "missing_lines": 202, "excluded_lines": 2}, "missing_lines": [31, 32, 33, 35, 37, 38, 40, 41, 42, 43, 44, 45, 46, 48, 49, 50, 51, 52, 55, 56, 57, 58, 59, 62, 63, 65, 66, 67, 68, 69, 72, 73, 74, 75, 76, 77, 78, 80, 81, 82, 84, 85, 88, 93, 94, 95, 97, 98, 101, 102, 103, 105, 106, 108, 115, 117, 118, 119, 120, 121, 122, 125, 126, 134, 135, 136, 137, 138, 139, 141, 144, 146, 151, 152, 153, 155, 157, 158, 160, 163, 164, 170, 171, 172, 177, 178, 179, 182, 185, 190, 191, 192, 194, 196, 197, 198, 201, 202, 208, 209, 210, 211, 212, 213, 216, 217, 219, 220, 221, 223, 227, 228, 229, 231, 232, 235, 236, 239, 240, 241, 243, 246, 247, 248, 250, 251, 254, 255, 256, 257, 259, 260, 262, 263, 264, 268, 269, 270, 271, 272, 276, 277, 278, 279, 280, 281, 282, 283, 284, 285, 286, 287, 288, 289, 290, 291, 292, 293, 294, 296, 299, 301, 302, 303, 306, 311, 312, 315, 319, 321, 322, 323, 324, 326, 327, 328, 329, 330, 331, 333, 334, 335, 336, 338, 339, 341, 342, 343, 344, 345, 346, 347, 348, 349, 351, 352, 354, 355, 356, 358, 359, 360], "excluded_lines": [363, 364], "functions": {"verify_schema": {"executed_lines": [], "summary": {"covered_lines": 0, "num_statements": 43, "percent_covered": 0.0, "percent_covered_display": "0", "missing_lines": 43, "excluded_lines": 0}, "missing_lines": [31, 32, 33, 35, 37, 38, 40, 41, 42, 43, 44, 45, 46, 48, 49, 50, 51, 52, 55, 56, 57, 58, 59, 62, 63, 65, 66, 67, 68, 69, 72, 73, 74, 75, 76, 77, 78, 80, 81, 82, 84, 85, 88], "excluded_lines": []}, "reset_database": {"executed_lines": [], "summary": {"covered_lines": 0, "num_statements": 29, "percent_covered": 0.0, "percent_covered_display": "0", "missing_lines": 29, "excluded_lines": 0}, "missing_lines": [93, 94, 95, 97, 98, 101, 102, 103, 105, 106, 108, 115, 117, 118, 119, 120, 121, 122, 125, 126, 134, 135, 136, 137, 138, 139, 141, 144, 146], "excluded_lines": []}, "run_migrations": {"executed_lines": [], "summary": {"covered_lines": 0, "num_statements": 17, "percent_covered": 0.0, "percent_covered_display": "0", "missing_lines": 17, "excluded_lines": 0}, "missing_lines": [151, 152, 153, 155, 157, 158, 160, 163, 164, 170, 171, 172, 177, 178, 179, 182, 185], "excluded_lines": []}, "init_postgresql": {"executed_lines": [], "summary": {"covered_lines": 0, "num_statements": 76, "percent_covered": 0.0, "percent_covered_display": "0", "missing_lines": 76, "excluded_lines": 0}, "missing_lines": [190, 191, 192, 194, 196, 197, 198, 201, 202, 208, 209, 210, 211, 212, 213, 216, 217, 219, 220, 221, 223, 227, 228, 229, 231, 232, 235, 236, 239, 240, 241, 243, 246, 247, 248, 250, 251, 254, 255, 256, 257, 259, 260, 262, 263, 264, 268, 269, 270, 271, 272, 276, 277, 278, 279, 280, 281, 282, 283, 284, 285, 286, 287, 288, 289, 290, 291, 292, 293, 294, 296, 299, 301, 302, 303, 306], "excluded_lines": []}, "main": {"executed_lines": [], "summary": {"covered_lines": 0, "num_statements": 37, "percent_covered": 0.0, "percent_covered_display": "0", "missing_lines": 37, "excluded_lines": 0}, "missing_lines": [311, 312, 315, 319, 321, 322, 323, 324, 326, 327, 328, 329, 330, 331, 333, 334, 335, 336, 338, 339, 341, 342, 343, 344, 345, 346, 347, 348, 349, 351, 352, 354, 355, 356, 358, 359, 360], "excluded_lines": []}, "": {"executed_lines": [1, 17, 18, 19, 20, 21, 22, 26, 29, 91, 149, 188, 309, 363], "summary": {"covered_lines": 12, "num_statements": 12, "percent_covered": 100.0, "percent_covered_display": "100", "missing_lines": 0, "excluded_lines": 2}, "missing_lines": [], "excluded_lines": [363, 364]}}, "classes": {"": {"executed_lines": [1, 17, 18, 19, 20, 21, 22, 26, 29, 91, 149, 188, 309, 363], "summary": {"covered_lines": 12, "num_statements": 214, "percent_covered": 5.607476635514018, "percent_covered_display": "6", "missing_lines": 202, "excluded_lines": 2}, "missing_lines": [31, 32, 33, 35, 37, 38, 40, 41, 42, 43, 44, 45, 46, 48, 49, 50, 51, 52, 55, 56, 57, 58, 59, 62, 63, 65, 66, 67, 68, 69, 72, 73, 74, 75, 76, 77, 78, 80, 81, 82, 84, 85, 88, 93, 94, 95, 97, 98, 101, 102, 103, 105, 106, 108, 115, 117, 118, 119, 120, 121, 122, 125, 126, 134, 135, 136, 137, 138, 139, 141, 144, 146, 151, 152, 153, 155, 157, 158, 160, 163, 164, 170, 171, 172, 177, 178, 179, 182, 185, 190, 191, 192, 194, 196, 197, 198, 201, 202, 208, 209, 210, 211, 212, 213, 216, 217, 219, 220, 221, 223, 227, 228, 229, 231, 232, 235, 236, 239, 240, 241, 243, 246, 247, 248, 250, 251, 254, 255, 256, 257, 259, 260, 262, 263, 264, 268, 269, 270, 271, 272, 276, 277, 278, 279, 280, 281, 282, 283, 284, 285, 286, 287, 288, 289, 290, 291, 292, 293, 294, 296, 299, 301, 302, 303, 306, 311, 312, 315, 319, 321, 322, 323, 324, 326, 327, 328, 329, 330, 331, 333, 334, 335, 336, 338, 339, 341, 342, 343, 344, 345, 346, 347, 348, 349, 351, 352, 354, 355, 356, 358, 359, 360], "excluded_lines": [363, 364]}}}, "context_bridge/database/models/__init__.py": {"executed_lines": [1, 5, 16, 29], "summary": {"covered_lines": 3, "num_statements": 3, "percent_covered": 100.0, "percent_covered_display": "100", "missing_lines": 0, "excluded_lines": 0}, "missing_lines": [], "excluded_lines": [], "functions": {"": {"executed_lines": [1, 5, 16, 29], "summary": {"covered_lines": 3, "num_statements": 3, "percent_covered": 100.0, "percent_covered_display": "100", "missing_lines": 0, "excluded_lines": 0}, "missing_lines": [], "excluded_lines": []}}, "classes": {"": {"executed_lines": [1, 5, 16, 29], "summary": {"covered_lines": 3, "num_statements": 3, "percent_covered": 100.0, "percent_covered_display": "100", "missing_lines": 0, "excluded_lines": 0}, "missing_lines": [], "excluded_lines": []}}}, "context_bridge/database/models/group_models.py": {"executed_lines": [1, 8, 9, 10, 11, 13, 16, 17, 23, 24, 25, 26, 27, 30, 31, 53, 54, 55, 56, 57, 58, 59, 60, 61, 62, 63, 64, 65, 67, 68, 69, 72, 73, 86, 87, 88, 89, 90, 92, 93, 96, 97, 115, 116, 117, 118, 119, 120, 121, 122, 123, 124, 126, 127, 130, 131, 138, 139, 140, 142, 143, 144, 147, 148, 154, 155, 156, 157, 158, 159, 160, 161, 162, 163, 166, 167, 173, 174, 175, 176, 177, 178, 179, 180, 183, 184, 204, 205, 206, 207, 208, 209, 210, 211, 212, 213, 214, 216, 217, 219, 220, 222, 241, 242, 264, 265, 266, 267, 268, 269, 270, 271, 272, 273, 274, 275, 276, 278, 279, 282, 283, 300, 301, 302, 303, 304, 305, 306, 308, 309, 312, 313, 331, 332, 333, 334, 335, 336, 337, 338, 339, 341, 342], "summary": {"covered_lines": 111, "num_statements": 111, "percent_covered": 100.0, "percent_covered_display": "100", "missing_lines": 0, "excluded_lines": 0}, "missing_lines": [], "excluded_lines": [], "functions": {"GroupInfo.from_group": {"executed_lines": [222], "summary": {"covered_lines": 1, "num_statements": 1, "percent_covered": 100.0, "percent_covered_display": "100", "missing_lines": 0, "excluded_lines": 0}, "missing_lines": [], "excluded_lines": []}, "": {"executed_lines": [1, 8, 9, 10, 11, 13, 16, 17, 23, 24, 25, 26, 27, 30, 31, 53, 54, 55, 56, 57, 58, 59, 60, 61, 62, 63, 64, 65, 67, 68, 69, 72, 73, 86, 87, 88, 89, 90, 92, 93, 96, 97, 115, 116, 117, 118, 119, 120, 121, 122, 123, 124, 126, 127, 130, 131, 138, 139, 140, 142, 143, 144, 147, 148, 154, 155, 156, 157, 158, 159, 160, 161, 162, 163, 166, 167, 173, 174, 175, 176, 177, 178, 179, 180, 183, 184, 204, 205, 206, 207, 208, 209, 210, 211, 212, 213, 214, 216, 217, 219, 220, 241, 242, 264, 265, 266, 267, 268, 269, 270, 271, 272, 273, 274, 275, 276, 278, 279, 282, 283, 300, 301, 302, 303, 304, 305, 306, 308, 309, 312, 313, 331, 332, 333, 334, 335, 336, 337, 338, 339, 341, 342], "summary": {"covered_lines": 110, "num_statements": 110, "percent_covered": 100.0, "percent_covered_display": "100", "missing_lines": 0, "excluded_lines": 0}, "missing_lines": [], "excluded_lines": []}}, "classes": {"ProcessingStatus": {"executed_lines": [], "summary": {"covered_lines": 0, "num_statements": 0, "percent_covered": 100.0, "percent_covered_display": "100", "missing_lines": 0, "excluded_lines": 0}, "missing_lines": [], "excluded_lines": []}, "Group": {"executed_lines": [], "summary": {"covered_lines": 0, "num_statements": 0, "percent_covered": 100.0, "percent_covered_display": "100", "missing_lines": 0, "excluded_lines": 0}, "missing_lines": [], "excluded_lines": []}, "Group.Config": {"executed_lines": [], "summary": {"covered_lines": 0, "num_statements": 0, "percent_covered": 100.0, "percent_covered_display": "100", "missing_lines": 0, "excluded_lines": 0}, "missing_lines": [], "excluded_lines": []}, "GroupCreate": {"executed_lines": [], "summary": {"covered_lines": 0, "num_statements": 0, "percent_covered": 100.0, "percent_covered_display": "100", "missing_lines": 0, "excluded_lines": 0}, "missing_lines": [], "excluded_lines": []}, "GroupCreate.Config": {"executed_lines": [], "summary": {"covered_lines": 0, "num_statements": 0, "percent_covered": 100.0, "percent_covered_display": "100", "missing_lines": 0, "excluded_lines": 0}, "missing_lines": [], "excluded_lines": []}, "GroupUpdate": {"executed_lines": [], "summary": {"covered_lines": 0, "num_statements": 0, "percent_covered": 100.0, "percent_covered_display": "100", "missing_lines": 0, "excluded_lines": 0}, "missing_lines": [], "excluded_lines": []}, "GroupUpdate.Config": {"executed_lines": [], "summary": {"covered_lines": 0, "num_statements": 0, "percent_covered": 100.0, "percent_covered_display": "100", "missing_lines": 0, "excluded_lines": 0}, "missing_lines": [], "excluded_lines": []}, "GroupWithStats": {"executed_lines": [], "summary": {"covered_lines": 0, "num_statements": 0, "percent_covered": 100.0, "percent_covered_display": "100", "missing_lines": 0, "excluded_lines": 0}, "missing_lines": [], "excluded_lines": []}, "GroupWithStats.Config": {"executed_lines": [], "summary": {"covered_lines": 0, "num_statements": 0, "percent_covered": 100.0, "percent_covered_display": "100", "missing_lines": 0, "excluded_lines": 0}, "missing_lines": [], "excluded_lines": []}, "GroupStatistics": {"executed_lines": [], "summary": {"covered_lines": 0, "num_statements": 0, "percent_covered": 100.0, "percent_covered_display": "100", "missing_lines": 0, "excluded_lines": 0}, "missing_lines": [], "excluded_lines": []}, "GroupProcessingResult": {"executed_lines": [], "summary": {"covered_lines": 0, "num_statements": 0, "percent_covered": 100.0, "percent_covered_display": "100", "missing_lines": 0, "excluded_lines": 0}, "missing_lines": [], "excluded_lines": []}, "GroupInfo": {"executed_lines": [222], "summary": {"covered_lines": 1, "num_statements": 1, "percent_covered": 100.0, "percent_covered_display": "100", "missing_lines": 0, "excluded_lines": 0}, "missing_lines": [], "excluded_lines": []}, "GroupInfo.Config": {"executed_lines": [], "summary": {"covered_lines": 0, "num_statements": 0, "percent_covered": 100.0, "percent_covered_display": "100", "missing_lines": 0, "excluded_lines": 0}, "missing_lines": [], "excluded_lines": []}, "GroupStats": {"executed_lines": [], "summary": {"covered_lines": 0, "num_statements": 0, "percent_covered": 100.0, "percent_covered_display": "100", "missing_lines": 0, "excluded_lines": 0}, "missing_lines": [], "excluded_lines": []}, "GroupStats.Config": {"executed_lines": [], "summary": {"covered_lines": 0, "num_statements": 0, "percent_covered": 100.0, "percent_covered_display": "100", "missing_lines": 0, "excluded_lines": 0}, "missing_lines": [], "excluded_lines": []}, "GroupCreationResult": {"executed_lines": [], "summary": {"covered_lines": 0, "num_statements": 0, "percent_covered": 100.0, "percent_covered_display": "100", "missing_lines": 0, "excluded_lines": 0}, "missing_lines": [], "excluded_lines": []}, "GroupCreationResult.Config": {"executed_lines": [], "summary": {"covered_lines": 0, "num_statements": 0, "percent_covered": 100.0, "percent_covered_display": "100", "missing_lines": 0, "excluded_lines": 0}, "missing_lines": [], "excluded_lines": []}, "ReprocessingResult": {"executed_lines": [], "summary": {"covered_lines": 0, "num_statements": 0, "percent_covered": 100.0, "percent_covered_display": "100", "missing_lines": 0, "excluded_lines": 0}, "missing_lines": [], "excluded_lines": []}, "ReprocessingResult.Config": {"executed_lines": [], "summary": {"covered_lines": 0, "num_statements": 0, "percent_covered": 100.0, "percent_covered_display": "100", "missing_lines": 0, "excluded_lines": 0}, "missing_lines": [], "excluded_lines": []}, "": {"executed_lines": [1, 8, 9, 10, 11, 13, 16, 17, 23, 24, 25, 26, 27, 30, 31, 53, 54, 55, 56, 57, 58, 59, 60, 61, 62, 63, 64, 65, 67, 68, 69, 72, 73, 86, 87, 88, 89, 90, 92, 93, 96, 97, 115, 116, 117, 118, 119, 120, 121, 122, 123, 124, 126, 127, 130, 131, 138, 139, 140, 142, 143, 144, 147, 148, 154, 155, 156, 157, 158, 159, 160, 161, 162, 163, 166, 167, 173, 174, 175, 176, 177, 178, 179, 180, 183, 184, 204, 205, 206, 207, 208, 209, 210, 211, 212, 213, 214, 216, 217, 219, 220, 241, 242, 264, 265, 266, 267, 268, 269, 270, 271, 272, 273, 274, 275, 276, 278, 279, 282, 283, 300, 301, 302, 303, 304, 305, 306, 308, 309, 312, 313, 331, 332, 333, 334, 335, 336, 337, 338, 339, 341, 342], "summary": {"covered_lines": 110, "num_statements": 110, "percent_covered": 100.0, "percent_covered_display": "100", "missing_lines": 0, "excluded_lines": 0}, "missing_lines": [], "excluded_lines": []}}}, "context_bridge/database/models/tag_models.py": {"executed_lines": [1, 5, 6, 7, 8, 11, 12, 14, 15, 16, 17, 20, 21, 23, 24, 27, 28, 29, 31, 32, 33, 44, 45, 47, 50, 51, 53, 54, 63, 64, 66, 69, 70, 72, 73, 74, 75, 77, 78, 81, 82, 84, 85, 86, 87, 88, 90, 91, 92, 103, 104, 106, 107, 108, 109, 110, 111, 112, 113, 115, 116, 117, 139], "summary": {"covered_lines": 55, "num_statements": 55, "percent_covered": 100.0, "percent_covered_display": "100", "missing_lines": 0, "excluded_lines": 0}, "missing_lines": [], "excluded_lines": [], "functions": {"": {"executed_lines": [1, 5, 6, 7, 8, 11, 12, 14, 15, 16, 17, 20, 21, 23, 24, 27, 28, 29, 31, 32, 33, 44, 45, 47, 50, 51, 53, 54, 63, 64, 66, 69, 70, 72, 73, 74, 75, 77, 78, 81, 82, 84, 85, 86, 87, 88, 90, 91, 92, 103, 104, 106, 107, 108, 109, 110, 111, 112, 113, 115, 116, 117, 139], "summary": {"covered_lines": 55, "num_statements": 55, "percent_covered": 100.0, "percent_covered_display": "100", "missing_lines": 0, "excluded_lines": 0}, "missing_lines": [], "excluded_lines": []}}, "classes": {"TagCategory": {"executed_lines": [], "summary": {"covered_lines": 0, "num_statements": 0, "percent_covered": 100.0, "percent_covered_display": "100", "missing_lines": 0, "excluded_lines": 0}, "missing_lines": [], "excluded_lines": []}, "Tag": {"executed_lines": [], "summary": {"covered_lines": 0, "num_statements": 0, "percent_covered": 100.0, "percent_covered_display": "100", "missing_lines": 0, "excluded_lines": 0}, "missing_lines": [], "excluded_lines": []}, "Tag.Config": {"executed_lines": [], "summary": {"covered_lines": 0, "num_statements": 0, "percent_covered": 100.0, "percent_covered_display": "100", "missing_lines": 0, "excluded_lines": 0}, "missing_lines": [], "excluded_lines": []}, "TagCreate": {"executed_lines": [], "summary": {"covered_lines": 0, "num_statements": 0, "percent_covered": 100.0, "percent_covered_display": "100", "missing_lines": 0, "excluded_lines": 0}, "missing_lines": [], "excluded_lines": []}, "TagCreate.Config": {"executed_lines": [], "summary": {"covered_lines": 0, "num_statements": 0, "percent_covered": 100.0, "percent_covered_display": "100", "missing_lines": 0, "excluded_lines": 0}, "missing_lines": [], "excluded_lines": []}, "TagUpdate": {"executed_lines": [], "summary": {"covered_lines": 0, "num_statements": 0, "percent_covered": 100.0, "percent_covered_display": "100", "missing_lines": 0, "excluded_lines": 0}, "missing_lines": [], "excluded_lines": []}, "DocumentTag": {"executed_lines": [], "summary": {"covered_lines": 0, "num_statements": 0, "percent_covered": 100.0, "percent_covered_display": "100", "missing_lines": 0, "excluded_lines": 0}, "missing_lines": [], "excluded_lines": []}, "DocumentTag.Config": {"executed_lines": [], "summary": {"covered_lines": 0, "num_statements": 0, "percent_covered": 100.0, "percent_covered_display": "100", "missing_lines": 0, "excluded_lines": 0}, "missing_lines": [], "excluded_lines": []}, "TagStatistics": {"executed_lines": [], "summary": {"covered_lines": 0, "num_statements": 0, "percent_covered": 100.0, "percent_covered_display": "100", "missing_lines": 0, "excluded_lines": 0}, "missing_lines": [], "excluded_lines": []}, "TagStatistics.Config": {"executed_lines": [], "summary": {"covered_lines": 0, "num_statements": 0, "percent_covered": 100.0, "percent_covered_display": "100", "missing_lines": 0, "excluded_lines": 0}, "missing_lines": [], "excluded_lines": []}, "DocumentWithTags": {"executed_lines": [], "summary": {"covered_lines": 0, "num_statements": 0, "percent_covered": 100.0, "percent_covered_display": "100", "missing_lines": 0, "excluded_lines": 0}, "missing_lines": [], "excluded_lines": []}, "DocumentWithTags.Config": {"executed_lines": [], "summary": {"covered_lines": 0, "num_statements": 0, "percent_covered": 100.0, "percent_covered_display": "100", "missing_lines": 0, "excluded_lines": 0}, "missing_lines": [], "excluded_lines": []}, "": {"executed_lines": [1, 5, 6, 7, 8, 11, 12, 14, 15, 16, 17, 20, 21, 23, 24, 27, 28, 29, 31, 32, 33, 44, 45, 47, 50, 51, 53, 54, 63, 64, 66, 69, 70, 72, 73, 74, 75, 77, 78, 81, 82, 84, 85, 86, 87, 88, 90, 91, 92, 103, 104, 106, 107, 108, 109, 110, 111, 112, 113, 115, 116, 117, 139], "summary": {"covered_lines": 55, "num_statements": 55, "percent_covered": 100.0, "percent_covered_display": "100", "missing_lines": 0, "excluded_lines": 0}, "missing_lines": [], "excluded_lines": []}}}, "context_bridge/database/postgres_manager.py": {"executed_lines": [1, 7, 8, 9, 10, 12, 14, 17, 20, 21, 28, 35, 36, 37, 40, 45, 49, 51, 52, 53, 55, 56, 58, 59, 60, 61, 65, 66, 69, 70, 71, 72, 75, 77, 78, 81, 83, 85, 86, 87, 89, 90, 91, 92, 94, 95, 96, 100, 101, 102, 104, 106, 107, 108, 112, 113, 117, 119, 123, 125, 129, 130, 131, 132, 134, 135, 137, 138, 139, 141, 142, 163, 177, 187, 190, 191, 193, 195, 196, 199, 200, 204, 206, 207, 209, 210, 212, 213, 216, 218, 219, 221, 223], "summary": {"covered_lines": 91, "num_statements": 105, "percent_covered": 86.66666666666667, "percent_covered_display": "87", "missing_lines": 14, "excluded_lines": 0}, "missing_lines": [98, 99, 120, 121, 153, 154, 156, 157, 158, 161, 174, 175, 188, 208], "excluded_lines": [], "functions": {"PostgreSQLManager.__init__": {"executed_lines": [35, 36, 37, 40, 45], "summary": {"covered_lines": 5, "num_statements": 5, "percent_covered": 100.0, "percent_covered_display": "100", "missing_lines": 0, "excluded_lines": 0}, "missing_lines": [], "excluded_lines": []}, "PostgreSQLManager.initialize": {"executed_lines": [51, 52, 53, 55, 56, 58, 59, 60, 61, 65, 66, 69, 70, 71, 72, 75, 77, 78, 81], "summary": {"covered_lines": 19, "num_statements": 19, "percent_covered": 100.0, "percent_covered_display": "100", "missing_lines": 0, "excluded_lines": 0}, "missing_lines": [], "excluded_lines": []}, "PostgreSQLManager.health_check": {"executed_lines": [85, 86, 87, 89, 90, 91, 92, 94, 95, 96, 100, 101, 102], "summary": {"covered_lines": 13, "num_statements": 15, "percent_covered": 86.66666666666667, "percent_covered_display": "87", "missing_lines": 2, "excluded_lines": 0}, "missing_lines": [98, 99], "excluded_lines": []}, "PostgreSQLManager.log_pool_stats": {"executed_lines": [106, 107, 108, 112, 113], "summary": {"covered_lines": 5, "num_statements": 5, "percent_covered": 100.0, "percent_covered_display": "100", "missing_lines": 0, "excluded_lines": 0}, "missing_lines": [], "excluded_lines": []}, "PostgreSQLManager.close": {"executed_lines": [119, 123, 125, 129, 130, 131, 132, 134, 135, 137, 138, 139], "summary": {"covered_lines": 12, "num_statements": 14, "percent_covered": 85.71428571428571, "percent_covered_display": "86", "missing_lines": 2, "excluded_lines": 0}, "missing_lines": [120, 121], "excluded_lines": []}, "PostgreSQLManager.connection": {"executed_lines": [], "summary": {"covered_lines": 0, "num_statements": 6, "percent_covered": 0.0, "percent_covered_display": "0", "missing_lines": 6, "excluded_lines": 0}, "missing_lines": [153, 154, 156, 157, 158, 161], "excluded_lines": []}, "PostgreSQLManager.execute": {"executed_lines": [], "summary": {"covered_lines": 0, "num_statements": 2, "percent_covered": 0.0, "percent_covered_display": "0", "missing_lines": 2, "excluded_lines": 0}, "missing_lines": [174, 175], "excluded_lines": []}, "PostgreSQLManager.execute_transaction": {"executed_lines": [187, 190, 191, 193, 195, 196, 199, 200, 204, 206, 207, 209, 210, 212, 213], "summary": {"covered_lines": 15, "num_statements": 17, "percent_covered": 88.23529411764706, "percent_covered_display": "88", "missing_lines": 2, "excluded_lines": 0}, "missing_lines": [188, 208], "excluded_lines": []}, "PostgreSQLManager.__aenter__": {"executed_lines": [218, 219], "summary": {"covered_lines": 2, "num_statements": 2, "percent_covered": 100.0, "percent_covered_display": "100", "missing_lines": 0, "excluded_lines": 0}, "missing_lines": [], "excluded_lines": []}, "PostgreSQLManager.__aexit__": {"executed_lines": [223], "summary": {"covered_lines": 1, "num_statements": 1, "percent_covered": 100.0, "percent_covered_display": "100", "missing_lines": 0, "excluded_lines": 0}, "missing_lines": [], "excluded_lines": []}, "": {"executed_lines": [1, 7, 8, 9, 10, 12, 14, 17, 20, 21, 28, 49, 83, 104, 117, 141, 142, 163, 177, 216, 221], "summary": {"covered_lines": 19, "num_statements": 19, "percent_covered": 100.0, "percent_covered_display": "100", "missing_lines": 0, "excluded_lines": 0}, "missing_lines": [], "excluded_lines": []}}, "classes": {"PostgreSQLManager": {"executed_lines": [35, 36, 37, 40, 45, 51, 52, 53, 55, 56, 58, 59, 60, 61, 65, 66, 69, 70, 71, 72, 75, 77, 78, 81, 85, 86, 87, 89, 90, 91, 92, 94, 95, 96, 100, 101, 102, 106, 107, 108, 112, 113, 119, 123, 125, 129, 130, 131, 132, 134, 135, 137, 138, 139, 187, 190, 191, 193, 195, 196, 199, 200, 204, 206, 207, 209, 210, 212, 213, 218, 219, 223], "summary": {"covered_lines": 72, "num_statements": 86, "percent_covered": 83.72093023255815, "percent_covered_display": "84", "missing_lines": 14, "excluded_lines": 0}, "missing_lines": [98, 99, 120, 121, 153, 154, 156, 157, 158, 161, 174, 175, 188, 208], "excluded_lines": []}, "": {"executed_lines": [1, 7, 8, 9, 10, 12, 14, 17, 20, 21, 28, 49, 83, 104, 117, 141, 142, 163, 177, 216, 221], "summary": {"covered_lines": 19, "num_statements": 19, "percent_covered": 100.0, "percent_covered_display": "100", "missing_lines": 0, "excluded_lines": 0}, "missing_lines": [], "excluded_lines": []}}}, "context_bridge/database/repositories/__init__.py": {"executed_lines": [0], "summary": {"covered_lines": 0, "num_statements": 0, "percent_covered": 100.0, "percent_covered_display": "100", "missing_lines": 0, "excluded_lines": 0}, "missing_lines": [], "excluded_lines": [], "functions": {"": {"executed_lines": [], "summary": {"covered_lines": 0, "num_statements": 0, "percent_covered": 100.0, "percent_covered_display": "100", "missing_lines": 0, "excluded_lines": 0}, "missing_lines": [], "excluded_lines": []}}, "classes": {"": {"executed_lines": [], "summary": {"covered_lines": 0, "num_statements": 0, "percent_covered": 100.0, "percent_covered_display": "100", "missing_lines": 0, "excluded_lines": 0}, "missing_lines": [], "excluded_lines": []}}}, "context_bridge/database/repositories/chunk_repository.py": {"executed_lines": [1, 2, 3, 4, 5, 6, 8, 10, 13, 16, 17, 30, 31, 32, 33, 34, 35, 36, 39, 40, 49, 50, 51, 54, 55, 64, 71, 72, 74, 75, 77, 78, 79, 80, 82, 108, 109, 114, 115, 116, 119, 120, 121, 122, 123, 125, 126, 127, 128, 130, 143, 144, 145, 148, 149, 150, 152, 153, 156, 165, 167, 168, 174, 175, 176, 177, 178, 179, 184, 197, 198, 203, 204, 205, 206, 207, 208, 209, 210, 211, 212, 213, 214, 216, 233, 234, 241, 242, 243, 244, 245, 246, 251, 264, 265, 266, 267, 268, 269, 270, 271, 276, 303, 326, 327, 328, 339, 340, 343, 344, 345, 346, 347, 348, 349, 352, 357, 376, 379, 390, 391, 392, 393, 394, 395, 396, 397, 398, 399, 404, 441, 442, 445, 447, 517, 518, 532, 533, 534, 535, 536, 537, 538, 542, 547, 560, 561, 562, 563, 565, 567, 568, 569, 570, 571, 581, 594, 595, 596, 597, 599, 601, 602, 603, 604, 605, 617, 631, 632, 640, 641, 642, 644, 645, 646, 648, 649, 650, 652, 669, 670, 679, 680, 681, 683, 684, 690, 691, 697, 698, 699, 701, 726, 727, 729, 738, 741, 749, 751, 752, 753, 755, 764, 765, 767, 768, 769, 771, 788, 789, 796, 797, 798, 800, 801, 802, 804, 805, 806, 808, 855, 868], "summary": {"covered_lines": 210, "num_statements": 269, "percent_covered": 78.06691449814126, "percent_covered_display": "78", "missing_lines": 59, "excluded_lines": 0}, "missing_lines": [180, 181, 182, 247, 248, 249, 272, 273, 274, 289, 290, 291, 292, 293, 294, 297, 298, 299, 300, 301, 353, 354, 355, 400, 401, 402, 543, 544, 545, 572, 573, 575, 576, 577, 578, 579, 606, 607, 609, 610, 611, 612, 613, 828, 829, 830, 832, 833, 840, 841, 842, 844, 845, 846, 848, 849, 851, 852, 853], "excluded_lines": [], "functions": {"ChunkRepository.__init__": {"executed_lines": [71, 72], "summary": {"covered_lines": 2, "num_statements": 2, "percent_covered": 100.0, "percent_covered_display": "100", "missing_lines": 0, "excluded_lines": 0}, "missing_lines": [], "excluded_lines": []}, "ChunkRepository._extract_rows": {"executed_lines": [77, 78, 79, 80], "summary": {"covered_lines": 4, "num_statements": 4, "percent_covered": 100.0, "percent_covered_display": "100", "missing_lines": 0, "excluded_lines": 0}, "missing_lines": [], "excluded_lines": []}, "ChunkRepository.create": {"executed_lines": [108, 109, 114, 115, 116, 119, 120, 121, 122, 123, 125, 126, 127, 128], "summary": {"covered_lines": 14, "num_statements": 14, "percent_covered": 100.0, "percent_covered_display": "100", "missing_lines": 0, "excluded_lines": 0}, "missing_lines": [], "excluded_lines": []}, "ChunkRepository.create_batch": {"executed_lines": [143, 144, 145, 148, 149, 150, 152, 153, 156, 165, 167, 168, 174, 175, 176, 177, 178, 179], "summary": {"covered_lines": 18, "num_statements": 21, "percent_covered": 85.71428571428571, "percent_covered_display": "86", "missing_lines": 3, "excluded_lines": 0}, "missing_lines": [180, 181, 182], "excluded_lines": []}, "ChunkRepository.get_by_id": {"executed_lines": [197, 198, 203, 204, 205, 206, 207, 208, 209, 210, 211, 212, 213, 214], "summary": {"covered_lines": 14, "num_statements": 14, "percent_covered": 100.0, "percent_covered_display": "100", "missing_lines": 0, "excluded_lines": 0}, "missing_lines": [], "excluded_lines": []}, "ChunkRepository.list_by_document": {"executed_lines": [233, 234, 241, 242, 243, 244, 245, 246], "summary": {"covered_lines": 8, "num_statements": 11, "percent_covered": 72.72727272727273, "percent_covered_display": "73", "missing_lines": 3, "excluded_lines": 0}, "missing_lines": [247, 248, 249], "excluded_lines": []}, "ChunkRepository.count_by_document": {"executed_lines": [264, 265, 266, 267, 268, 269, 270, 271], "summary": {"covered_lines": 8, "num_statements": 11, "percent_covered": 72.72727272727273, "percent_covered_display": "73", "missing_lines": 3, "excluded_lines": 0}, "missing_lines": [272, 273, 274], "excluded_lines": []}, "ChunkRepository.get_max_chunk_index": {"executed_lines": [], "summary": {"covered_lines": 0, "num_statements": 11, "percent_covered": 0.0, "percent_covered_display": "0", "missing_lines": 11, "excluded_lines": 0}, "missing_lines": [289, 290, 291, 292, 293, 294, 297, 298, 299, 300, 301], "excluded_lines": []}, "ChunkRepository.vector_search": {"executed_lines": [326, 327, 328, 339, 340, 343, 344, 345, 346, 347, 348, 349, 352], "summary": {"covered_lines": 13, "num_statements": 16, "percent_covered": 81.25, "percent_covered_display": "81", "missing_lines": 3, "excluded_lines": 0}, "missing_lines": [353, 354, 355], "excluded_lines": []}, "ChunkRepository.bm25_search": {"executed_lines": [376, 379, 390, 391, 392, 393, 394, 395, 396, 397, 398, 399], "summary": {"covered_lines": 12, "num_statements": 15, "percent_covered": 80.0, "percent_covered_display": "80", "missing_lines": 3, "excluded_lines": 0}, "missing_lines": [400, 401, 402], "excluded_lines": []}, "ChunkRepository.hybrid_search": {"executed_lines": [441, 442, 445, 447, 517, 518, 532, 533, 534, 535, 536, 537, 538, 542], "summary": {"covered_lines": 14, "num_statements": 17, "percent_covered": 82.3529411764706, "percent_covered_display": "82", "missing_lines": 3, "excluded_lines": 0}, "missing_lines": [543, 544, 545], "excluded_lines": []}, "ChunkRepository.delete_by_document": {"executed_lines": [560, 561, 562, 563, 565, 567, 568, 569, 570, 571], "summary": {"covered_lines": 10, "num_statements": 17, "percent_covered": 58.8235294117647, "percent_covered_display": "59", "missing_lines": 7, "excluded_lines": 0}, "missing_lines": [572, 573, 575, 576, 577, 578, 579], "excluded_lines": []}, "ChunkRepository.delete_by_group": {"executed_lines": [594, 595, 596, 597, 599, 601, 602, 603, 604, 605], "summary": {"covered_lines": 10, "num_statements": 17, "percent_covered": 58.8235294117647, "percent_covered_display": "59", "missing_lines": 7, "excluded_lines": 0}, "missing_lines": [606, 607, 609, 610, 611, 612, 613], "excluded_lines": []}, "ChunkRepository.get_chunks_for_group": {"executed_lines": [631, 632, 640, 641, 642, 644, 645, 646, 648, 649, 650], "summary": {"covered_lines": 11, "num_statements": 11, "percent_covered": 100.0, "percent_covered_display": "100", "missing_lines": 0, "excluded_lines": 0}, "missing_lines": [], "excluded_lines": []}, "ChunkRepository.get_group_chunk_statistics": {"executed_lines": [669, 670, 679, 680, 681, 683, 684, 690, 691, 697, 698, 699], "summary": {"covered_lines": 12, "num_statements": 12, "percent_covered": 100.0, "percent_covered_display": "100", "missing_lines": 0, "excluded_lines": 0}, "missing_lines": [], "excluded_lines": []}, "ChunkRepository.search_chunks_in_group": {"executed_lines": [726, 727, 729, 738, 741, 749, 751, 752, 753, 755, 764, 765, 767, 768, 769], "summary": {"covered_lines": 15, "num_statements": 15, "percent_covered": 100.0, "percent_covered_display": "100", "missing_lines": 0, "excluded_lines": 0}, "missing_lines": [], "excluded_lines": []}, "ChunkRepository.update_chunks_group_reference": {"executed_lines": [788, 789, 796, 797, 798, 800, 801, 802, 804, 805, 806], "summary": {"covered_lines": 11, "num_statements": 11, "percent_covered": 100.0, "percent_covered_display": "100", "missing_lines": 0, "excluded_lines": 0}, "missing_lines": [], "excluded_lines": []}, "ChunkRepository.prepend_context_to_chunk": {"executed_lines": [], "summary": {"covered_lines": 0, "num_statements": 16, "percent_covered": 0.0, "percent_covered_display": "0", "missing_lines": 16, "excluded_lines": 0}, "missing_lines": [828, 829, 830, 832, 833, 840, 841, 842, 844, 845, 846, 848, 849, 851, 852, 853], "excluded_lines": []}, "ChunkRepository._row_to_chunk": {"executed_lines": [868], "summary": {"covered_lines": 1, "num_statements": 1, "percent_covered": 100.0, "percent_covered_display": "100", "missing_lines": 0, "excluded_lines": 0}, "missing_lines": [], "excluded_lines": []}, "": {"executed_lines": [1, 2, 3, 4, 5, 6, 8, 10, 13, 16, 17, 30, 31, 32, 33, 34, 35, 36, 39, 40, 49, 50, 51, 54, 55, 64, 74, 75, 82, 130, 184, 216, 251, 276, 303, 357, 404, 547, 581, 617, 652, 701, 771, 808, 855], "summary": {"covered_lines": 33, "num_statements": 33, "percent_covered": 100.0, "percent_covered_display": "100", "missing_lines": 0, "excluded_lines": 0}, "missing_lines": [], "excluded_lines": []}}, "classes": {"Chunk": {"executed_lines": [], "summary": {"covered_lines": 0, "num_statements": 0, "percent_covered": 100.0, "percent_covered_display": "100", "missing_lines": 0, "excluded_lines": 0}, "missing_lines": [], "excluded_lines": []}, "SearchResult": {"executed_lines": [], "summary": {"covered_lines": 0, "num_statements": 0, "percent_covered": 100.0, "percent_covered_display": "100", "missing_lines": 0, "excluded_lines": 0}, "missing_lines": [], "excluded_lines": []}, "ChunkRepository": {"executed_lines": [71, 72, 77, 78, 79, 80, 108, 109, 114, 115, 116, 119, 120, 121, 122, 123, 125, 126, 127, 128, 143, 144, 145, 148, 149, 150, 152, 153, 156, 165, 167, 168, 174, 175, 176, 177, 178, 179, 197, 198, 203, 204, 205, 206, 207, 208, 209, 210, 211, 212, 213, 214, 233, 234, 241, 242, 243, 244, 245, 246, 264, 265, 266, 267, 268, 269, 270, 271, 326, 327, 328, 339, 340, 343, 344, 345, 346, 347, 348, 349, 352, 376, 379, 390, 391, 392, 393, 394, 395, 396, 397, 398, 399, 441, 442, 445, 447, 517, 518, 532, 533, 534, 535, 536, 537, 538, 542, 560, 561, 562, 563, 565, 567, 568, 569, 570, 571, 594, 595, 596, 597, 599, 601, 602, 603, 604, 605, 631, 632, 640, 641, 642, 644, 645, 646, 648, 649, 650, 669, 670, 679, 680, 681, 683, 684, 690, 691, 697, 698, 699, 726, 727, 729, 738, 741, 749, 751, 752, 753, 755, 764, 765, 767, 768, 769, 788, 789, 796, 797, 798, 800, 801, 802, 804, 805, 806, 868], "summary": {"covered_lines": 177, "num_statements": 236, "percent_covered": 75.0, "percent_covered_display": "75", "missing_lines": 59, "excluded_lines": 0}, "missing_lines": [180, 181, 182, 247, 248, 249, 272, 273, 274, 289, 290, 291, 292, 293, 294, 297, 298, 299, 300, 301, 353, 354, 355, 400, 401, 402, 543, 544, 545, 572, 573, 575, 576, 577, 578, 579, 606, 607, 609, 610, 611, 612, 613, 828, 829, 830, 832, 833, 840, 841, 842, 844, 845, 846, 848, 849, 851, 852, 853], "excluded_lines": []}, "": {"executed_lines": [1, 2, 3, 4, 5, 6, 8, 10, 13, 16, 17, 30, 31, 32, 33, 34, 35, 36, 39, 40, 49, 50, 51, 54, 55, 64, 74, 75, 82, 130, 184, 216, 251, 276, 303, 357, 404, 547, 581, 617, 652, 701, 771, 808, 855], "summary": {"covered_lines": 33, "num_statements": 33, "percent_covered": 100.0, "percent_covered_display": "100", "missing_lines": 0, "excluded_lines": 0}, "missing_lines": [], "excluded_lines": []}}}, "context_bridge/database/repositories/document_repository.py": {"executed_lines": [1, 2, 3, 4, 6, 9, 12, 13, 28, 29, 30, 31, 32, 33, 34, 35, 36, 39, 40, 49, 56, 57, 59, 84, 86, 91, 92, 95, 96, 97, 98, 99, 101, 102, 103, 104, 106, 119, 120, 125, 126, 127, 128, 129, 130, 131, 132, 133, 134, 135, 136, 138, 152, 153, 158, 159, 160, 161, 162, 163, 164, 167, 168, 169, 171, 189, 190, 191, 194, 195, 196, 198, 199, 200, 201, 202, 204, 205, 206, 208, 210, 217, 219, 220, 221, 222, 223, 226, 227, 228, 231, 233, 247, 248, 254, 255, 256, 257, 258, 259, 260, 261, 262, 264, 277, 278, 284, 285, 286, 287, 288, 289, 290, 291, 292, 294, 309, 310, 311, 312, 315, 316, 317, 319, 320, 321, 322, 323, 324, 326, 328, 329, 330, 332, 333, 338, 340, 341, 343, 344, 345, 346, 348, 349, 350, 351, 354, 356, 369, 370, 371, 372, 374, 375, 376, 377, 379, 380, 381, 382, 383, 385, 398], "summary": {"covered_lines": 156, "num_statements": 158, "percent_covered": 98.73417721518987, "percent_covered_display": "99", "missing_lines": 2, "excluded_lines": 0}, "missing_lines": [165, 166], "excluded_lines": [], "functions": {"DocumentRepository.__init__": {"executed_lines": [56, 57], "summary": {"covered_lines": 2, "num_statements": 2, "percent_covered": 100.0, "percent_covered_display": "100", "missing_lines": 0, "excluded_lines": 0}, "missing_lines": [], "excluded_lines": []}, "DocumentRepository.create": {"executed_lines": [84, 86, 91, 92, 95, 96, 97, 98, 99, 101, 102, 103, 104], "summary": {"covered_lines": 13, "num_statements": 13, "percent_covered": 100.0, "percent_covered_display": "100", "missing_lines": 0, "excluded_lines": 0}, "missing_lines": [], "excluded_lines": []}, "DocumentRepository.get_by_id": {"executed_lines": [119, 120, 125, 126, 127, 128, 129, 130, 131, 132, 133, 134, 135, 136], "summary": {"covered_lines": 14, "num_statements": 14, "percent_covered": 100.0, "percent_covered_display": "100", "missing_lines": 0, "excluded_lines": 0}, "missing_lines": [], "excluded_lines": []}, "DocumentRepository.get_by_name_version": {"executed_lines": [152, 153, 158, 159, 160, 161, 162, 163, 164, 167, 168, 169], "summary": {"covered_lines": 12, "num_statements": 14, "percent_covered": 85.71428571428571, "percent_covered_display": "86", "missing_lines": 2, "excluded_lines": 0}, "missing_lines": [165, 166], "excluded_lines": []}, "DocumentRepository.find_by_query": {"executed_lines": [189, 190, 191, 194, 195, 196, 198, 199, 200, 201, 202, 204, 205, 206, 208, 210, 217, 219, 220, 221, 222, 223, 226, 227, 228, 231], "summary": {"covered_lines": 26, "num_statements": 26, "percent_covered": 100.0, "percent_covered_display": "100", "missing_lines": 0, "excluded_lines": 0}, "missing_lines": [], "excluded_lines": []}, "DocumentRepository.list_all": {"executed_lines": [247, 248, 254, 255, 256, 257, 258, 259, 260, 261, 262], "summary": {"covered_lines": 11, "num_statements": 11, "percent_covered": 100.0, "percent_covered_display": "100", "missing_lines": 0, "excluded_lines": 0}, "missing_lines": [], "excluded_lines": []}, "DocumentRepository.list_versions": {"executed_lines": [277, 278, 284, 285, 286, 287, 288, 289, 290, 291, 292], "summary": {"covered_lines": 11, "num_statements": 11, "percent_covered": 100.0, "percent_covered_display": "100", "missing_lines": 0, "excluded_lines": 0}, "missing_lines": [], "excluded_lines": []}, "DocumentRepository.update": {"executed_lines": [309, 310, 311, 312, 315, 316, 317, 319, 320, 321, 322, 323, 324, 326, 328, 329, 330, 332, 333, 338, 340, 341, 343, 344, 345, 346, 348, 349, 350, 351, 354], "summary": {"covered_lines": 31, "num_statements": 31, "percent_covered": 100.0, "percent_covered_display": "100", "missing_lines": 0, "excluded_lines": 0}, "missing_lines": [], "excluded_lines": []}, "DocumentRepository.delete": {"executed_lines": [369, 370, 371, 372, 374, 375, 376, 377, 379, 380, 381, 382, 383], "summary": {"covered_lines": 13, "num_statements": 13, "percent_covered": 100.0, "percent_covered_display": "100", "missing_lines": 0, "excluded_lines": 0}, "missing_lines": [], "excluded_lines": []}, "DocumentRepository._row_to_document": {"executed_lines": [398], "summary": {"covered_lines": 1, "num_statements": 1, "percent_covered": 100.0, "percent_covered_display": "100", "missing_lines": 0, "excluded_lines": 0}, "missing_lines": [], "excluded_lines": []}, "": {"executed_lines": [1, 2, 3, 4, 6, 9, 12, 13, 28, 29, 30, 31, 32, 33, 34, 35, 36, 39, 40, 49, 59, 106, 138, 171, 233, 264, 294, 356, 385], "summary": {"covered_lines": 22, "num_statements": 22, "percent_covered": 100.0, "percent_covered_display": "100", "missing_lines": 0, "excluded_lines": 0}, "missing_lines": [], "excluded_lines": []}}, "classes": {"Document": {"executed_lines": [], "summary": {"covered_lines": 0, "num_statements": 0, "percent_covered": 100.0, "percent_covered_display": "100", "missing_lines": 0, "excluded_lines": 0}, "missing_lines": [], "excluded_lines": []}, "DocumentRepository": {"executed_lines": [56, 57, 84, 86, 91, 92, 95, 96, 97, 98, 99, 101, 102, 103, 104, 119, 120, 125, 126, 127, 128, 129, 130, 131, 132, 133, 134, 135, 136, 152, 153, 158, 159, 160, 161, 162, 163, 164, 167, 168, 169, 189, 190, 191, 194, 195, 196, 198, 199, 200, 201, 202, 204, 205, 206, 208, 210, 217, 219, 220, 221, 222, 223, 226, 227, 228, 231, 247, 248, 254, 255, 256, 257, 258, 259, 260, 261, 262, 277, 278, 284, 285, 286, 287, 288, 289, 290, 291, 292, 309, 310, 311, 312, 315, 316, 317, 319, 320, 321, 322, 323, 324, 326, 328, 329, 330, 332, 333, 338, 340, 341, 343, 344, 345, 346, 348, 349, 350, 351, 354, 369, 370, 371, 372, 374, 375, 376, 377, 379, 380, 381, 382, 383, 398], "summary": {"covered_lines": 134, "num_statements": 136, "percent_covered": 98.52941176470588, "percent_covered_display": "99", "missing_lines": 2, "excluded_lines": 0}, "missing_lines": [165, 166], "excluded_lines": []}, "": {"executed_lines": [1, 2, 3, 4, 6, 9, 12, 13, 28, 29, 30, 31, 32, 33, 34, 35, 36, 39, 40, 49, 59, 106, 138, 171, 233, 264, 294, 356, 385], "summary": {"covered_lines": 22, "num_statements": 22, "percent_covered": 100.0, "percent_covered_display": "100", "missing_lines": 0, "excluded_lines": 0}, "missing_lines": [], "excluded_lines": []}}}, "context_bridge/database/repositories/group_repository.py": {"executed_lines": [1, 8, 9, 10, 11, 13, 15, 23, 26, 27, 34, 41, 45, 115, 160, 238, 347, 376, 447, 467], "summary": {"covered_lines": 18, "num_statements": 163, "percent_covered": 11.042944785276074, "percent_covered_display": "11", "missing_lines": 145, "excluded_lines": 0}, "missing_lines": [59, 61, 63, 67, 68, 71, 80, 92, 93, 94, 96, 97, 99, 125, 127, 128, 139, 140, 141, 143, 144, 181, 186, 192, 193, 195, 196, 197, 198, 200, 201, 202, 203, 205, 206, 207, 208, 210, 211, 213, 214, 216, 217, 218, 236, 249, 252, 253, 254, 256, 257, 258, 259, 261, 262, 263, 264, 266, 267, 268, 269, 271, 272, 273, 274, 276, 277, 278, 279, 281, 282, 283, 284, 286, 287, 288, 289, 291, 292, 293, 294, 296, 297, 298, 299, 301, 302, 303, 304, 306, 308, 310, 312, 321, 322, 324, 325, 326, 328, 329, 331, 360, 362, 363, 367, 369, 370, 372, 386, 388, 390, 392, 393, 396, 406, 407, 408, 409, 412, 422, 423, 424, 425, 428, 432, 435, 437, 457, 459, 460, 464, 465, 482, 484, 492, 494, 495, 496, 498, 500, 501, 503, 504, 505, 523], "excluded_lines": [], "functions": {"GroupRepository.__init__": {"executed_lines": [41], "summary": {"covered_lines": 1, "num_statements": 1, "percent_covered": 100.0, "percent_covered_display": "100", "missing_lines": 0, "excluded_lines": 0}, "missing_lines": [], "excluded_lines": []}, "GroupRepository.create_group": {"executed_lines": [], "summary": {"covered_lines": 0, "num_statements": 13, "percent_covered": 0.0, "percent_covered_display": "0", "missing_lines": 13, "excluded_lines": 0}, "missing_lines": [59, 61, 63, 67, 68, 71, 80, 92, 93, 94, 96, 97, 99], "excluded_lines": []}, "GroupRepository.get_group_by_id": {"executed_lines": [], "summary": {"covered_lines": 0, "num_statements": 8, "percent_covered": 0.0, "percent_covered_display": "0", "missing_lines": 8, "excluded_lines": 0}, "missing_lines": [125, 127, 128, 139, 140, 141, 143, 144], "excluded_lines": []}, "GroupRepository.list_groups": {"executed_lines": [], "summary": {"covered_lines": 0, "num_statements": 24, "percent_covered": 0.0, "percent_covered_display": "0", "missing_lines": 24, "excluded_lines": 0}, "missing_lines": [181, 186, 192, 193, 195, 196, 197, 198, 200, 201, 202, 203, 205, 206, 207, 208, 210, 211, 213, 214, 216, 217, 218, 236], "excluded_lines": []}, "GroupRepository.update_group": {"executed_lines": [], "summary": {"covered_lines": 0, "num_statements": 56, "percent_covered": 0.0, "percent_covered_display": "0", "missing_lines": 56, "excluded_lines": 0}, "missing_lines": [249, 252, 253, 254, 256, 257, 258, 259, 261, 262, 263, 264, 266, 267, 268, 269, 271, 272, 273, 274, 276, 277, 278, 279, 281, 282, 283, 284, 286, 287, 288, 289, 291, 292, 293, 294, 296, 297, 298, 299, 301, 302, 303, 304, 306, 308, 310, 312, 321, 322, 324, 325, 326, 328, 329, 331], "excluded_lines": []}, "GroupRepository.delete_group": {"executed_lines": [], "summary": {"covered_lines": 0, "num_statements": 7, "percent_covered": 0.0, "percent_covered_display": "0", "missing_lines": 7, "excluded_lines": 0}, "missing_lines": [360, 362, 363, 367, 369, 370, 372], "excluded_lines": []}, "GroupRepository.get_group_statistics": {"executed_lines": [], "summary": {"covered_lines": 0, "num_statements": 19, "percent_covered": 0.0, "percent_covered_display": "0", "missing_lines": 19, "excluded_lines": 0}, "missing_lines": [386, 388, 390, 392, 393, 396, 406, 407, 408, 409, 412, 422, 423, 424, 425, 428, 432, 435, 437], "excluded_lines": []}, "GroupRepository.count_groups_by_document": {"executed_lines": [], "summary": {"covered_lines": 0, "num_statements": 5, "percent_covered": 0.0, "percent_covered_display": "0", "missing_lines": 5, "excluded_lines": 0}, "missing_lines": [457, 459, 460, 464, 465], "excluded_lines": []}, "GroupRepository.get_non_context_groups": {"executed_lines": [], "summary": {"covered_lines": 0, "num_statements": 13, "percent_covered": 0.0, "percent_covered_display": "0", "missing_lines": 13, "excluded_lines": 0}, "missing_lines": [482, 484, 492, 494, 495, 496, 498, 500, 501, 503, 504, 505, 523], "excluded_lines": []}, "": {"executed_lines": [1, 8, 9, 10, 11, 13, 15, 23, 26, 27, 34, 45, 115, 160, 238, 347, 376, 447, 467], "summary": {"covered_lines": 17, "num_statements": 17, "percent_covered": 100.0, "percent_covered_display": "100", "missing_lines": 0, "excluded_lines": 0}, "missing_lines": [], "excluded_lines": []}}, "classes": {"GroupRepository": {"executed_lines": [41], "summary": {"covered_lines": 1, "num_statements": 146, "percent_covered": 0.684931506849315, "percent_covered_display": "1", "missing_lines": 145, "excluded_lines": 0}, "missing_lines": [59, 61, 63, 67, 68, 71, 80, 92, 93, 94, 96, 97, 99, 125, 127, 128, 139, 140, 141, 143, 144, 181, 186, 192, 193, 195, 196, 197, 198, 200, 201, 202, 203, 205, 206, 207, 208, 210, 211, 213, 214, 216, 217, 218, 236, 249, 252, 253, 254, 256, 257, 258, 259, 261, 262, 263, 264, 266, 267, 268, 269, 271, 272, 273, 274, 276, 277, 278, 279, 281, 282, 283, 284, 286, 287, 288, 289, 291, 292, 293, 294, 296, 297, 298, 299, 301, 302, 303, 304, 306, 308, 310, 312, 321, 322, 324, 325, 326, 328, 329, 331, 360, 362, 363, 367, 369, 370, 372, 386, 388, 390, 392, 393, 396, 406, 407, 408, 409, 412, 422, 423, 424, 425, 428, 432, 435, 437, 457, 459, 460, 464, 465, 482, 484, 492, 494, 495, 496, 498, 500, 501, 503, 504, 505, 523], "excluded_lines": []}, "": {"executed_lines": [1, 8, 9, 10, 11, 13, 15, 23, 26, 27, 34, 45, 115, 160, 238, 347, 376, 447, 467], "summary": {"covered_lines": 17, "num_statements": 17, "percent_covered": 100.0, "percent_covered_display": "100", "missing_lines": 0, "excluded_lines": 0}, "missing_lines": [], "excluded_lines": []}}}, "context_bridge/database/repositories/page_repository.py": {"executed_lines": [1, 2, 3, 4, 5, 6, 8, 11, 14, 15, 31, 32, 33, 34, 35, 36, 37, 38, 39, 40, 43, 44, 53, 60, 61, 63, 64, 66, 67, 68, 69, 71, 96, 98, 99, 100, 101, 104, 105, 106, 109, 110, 111, 112, 113, 120, 133, 134, 139, 140, 141, 142, 143, 144, 145, 146, 147, 152, 165, 166, 171, 172, 173, 174, 175, 176, 177, 184, 202, 203, 204, 211, 213, 220, 222, 223, 224, 225, 226, 230, 238, 252, 253, 254, 255, 257, 258, 260, 261, 262, 263, 264, 265, 270, 285, 287, 288, 289, 291, 292, 293, 295, 296, 297, 298, 300, 301, 302, 303, 304, 306, 321, 323, 324, 327, 328, 329, 332, 333, 335, 336, 339, 341, 342, 347, 382, 395, 397, 402, 415, 417, 422, 435, 436, 437, 440, 441, 445, 446, 447, 448, 449, 452, 457, 508, 576, 589, 590, 598, 599, 600, 602, 603, 604, 606, 607, 608, 610, 624, 625, 627, 628, 629, 631, 632, 633, 635, 636, 642, 655, 656, 658, 659, 660, 662, 663, 664, 666, 667, 673, 691, 692, 693, 695, 696, 697, 698, 700, 702, 703, 704, 706, 707, 710, 716, 729], "summary": {"covered_lines": 187, "num_statements": 285, "percent_covered": 65.6140350877193, "percent_covered_display": "66", "missing_lines": 98, "excluded_lines": 0}, "missing_lines": [115, 116, 117, 118, 148, 149, 150, 178, 179, 180, 181, 182, 231, 232, 236, 266, 267, 268, 325, 343, 344, 345, 361, 362, 363, 364, 367, 368, 370, 371, 374, 376, 377, 378, 379, 380, 398, 399, 400, 418, 419, 420, 453, 454, 455, 473, 474, 475, 478, 479, 486, 487, 488, 492, 493, 494, 496, 497, 499, 500, 503, 504, 505, 506, 528, 529, 530, 533, 534, 540, 541, 542, 545, 546, 547, 548, 551, 554, 555, 558, 561, 562, 564, 565, 567, 568, 570, 571, 572, 638, 639, 640, 669, 670, 671, 712, 713, 714], "excluded_lines": [], "functions": {"PageRepository.__init__": {"executed_lines": [60, 61], "summary": {"covered_lines": 2, "num_statements": 2, "percent_covered": 100.0, "percent_covered_display": "100", "missing_lines": 0, "excluded_lines": 0}, "missing_lines": [], "excluded_lines": []}, "PageRepository._extract_rows": {"executed_lines": [66, 67, 68, 69], "summary": {"covered_lines": 4, "num_statements": 4, "percent_covered": 100.0, "percent_covered_display": "100", "missing_lines": 0, "excluded_lines": 0}, "missing_lines": [], "excluded_lines": []}, "PageRepository.create": {"executed_lines": [96, 98, 99, 100, 101, 104, 105, 106, 109, 110, 111, 112, 113], "summary": {"covered_lines": 13, "num_statements": 17, "percent_covered": 76.47058823529412, "percent_covered_display": "76", "missing_lines": 4, "excluded_lines": 0}, "missing_lines": [115, 116, 117, 118], "excluded_lines": []}, "PageRepository.get_by_id": {"executed_lines": [133, 134, 139, 140, 141, 142, 143, 144, 145, 146, 147], "summary": {"covered_lines": 11, "num_statements": 14, "percent_covered": 78.57142857142857, "percent_covered_display": "79", "missing_lines": 3, "excluded_lines": 0}, "missing_lines": [148, 149, 150], "excluded_lines": []}, "PageRepository.get_by_url": {"executed_lines": [165, 166, 171, 172, 173, 174, 175, 176, 177], "summary": {"covered_lines": 9, "num_statements": 14, "percent_covered": 64.28571428571429, "percent_covered_display": "64", "missing_lines": 5, "excluded_lines": 0}, "missing_lines": [178, 179, 180, 181, 182], "excluded_lines": []}, "PageRepository.list_by_document": {"executed_lines": [202, 203, 204, 211, 213, 220, 222, 223, 224, 225, 226, 230], "summary": {"covered_lines": 12, "num_statements": 15, "percent_covered": 80.0, "percent_covered_display": "80", "missing_lines": 3, "excluded_lines": 0}, "missing_lines": [231, 232, 236], "excluded_lines": []}, "PageRepository.count_by_document": {"executed_lines": [252, 253, 254, 255, 257, 258, 260, 261, 262, 263, 264, 265], "summary": {"covered_lines": 12, "num_statements": 15, "percent_covered": 80.0, "percent_covered_display": "80", "missing_lines": 3, "excluded_lines": 0}, "missing_lines": [266, 267, 268], "excluded_lines": []}, "PageRepository.update_status": {"executed_lines": [285, 287, 288, 289, 291, 292, 293, 295, 296, 297, 298, 300, 301, 302, 303, 304], "summary": {"covered_lines": 16, "num_statements": 16, "percent_covered": 100.0, "percent_covered_display": "100", "missing_lines": 0, "excluded_lines": 0}, "missing_lines": [], "excluded_lines": []}, "PageRepository.update_status_bulk": {"executed_lines": [321, 323, 324, 327, 328, 329, 332, 333, 335, 336, 339, 341, 342], "summary": {"covered_lines": 13, "num_statements": 17, "percent_covered": 76.47058823529412, "percent_covered_display": "76", "missing_lines": 4, "excluded_lines": 0}, "missing_lines": [325, 343, 344, 345], "excluded_lines": []}, "PageRepository.update_group_id_bulk": {"executed_lines": [], "summary": {"covered_lines": 0, "num_statements": 14, "percent_covered": 0.0, "percent_covered_display": "0", "missing_lines": 14, "excluded_lines": 0}, "missing_lines": [361, 362, 363, 364, 367, 368, 370, 371, 374, 376, 377, 378, 379, 380], "excluded_lines": []}, "PageRepository.delete": {"executed_lines": [395, 397], "summary": {"covered_lines": 2, "num_statements": 5, "percent_covered": 40.0, "percent_covered_display": "40", "missing_lines": 3, "excluded_lines": 0}, "missing_lines": [398, 399, 400], "excluded_lines": []}, "PageRepository.delete_bulk": {"executed_lines": [415, 417], "summary": {"covered_lines": 2, "num_statements": 5, "percent_covered": 40.0, "percent_covered_display": "40", "missing_lines": 3, "excluded_lines": 0}, "missing_lines": [418, 419, 420], "excluded_lines": []}, "PageRepository.check_duplicates": {"executed_lines": [435, 436, 437, 440, 441, 445, 446, 447, 448, 449, 452], "summary": {"covered_lines": 11, "num_statements": 14, "percent_covered": 78.57142857142857, "percent_covered_display": "79", "missing_lines": 3, "excluded_lines": 0}, "missing_lines": [453, 454, 455], "excluded_lines": []}, "PageRepository.get_combined_content": {"executed_lines": [], "summary": {"covered_lines": 0, "num_statements": 19, "percent_covered": 0.0, "percent_covered_display": "0", "missing_lines": 19, "excluded_lines": 0}, "missing_lines": [473, 474, 475, 478, 479, 486, 487, 488, 492, 493, 494, 496, 497, 499, 500, 503, 504, 505, 506], "excluded_lines": []}, "PageRepository.validate_pages_for_chunking": {"executed_lines": [], "summary": {"covered_lines": 0, "num_statements": 25, "percent_covered": 0.0, "percent_covered_display": "0", "missing_lines": 25, "excluded_lines": 0}, "missing_lines": [528, 529, 530, 533, 534, 540, 541, 542, 545, 546, 547, 548, 551, 554, 555, 558, 561, 562, 564, 565, 567, 568, 570, 571, 572], "excluded_lines": []}, "PageRepository.get_pages_for_group": {"executed_lines": [589, 590, 598, 599, 600, 602, 603, 604, 606, 607, 608], "summary": {"covered_lines": 11, "num_statements": 11, "percent_covered": 100.0, "percent_covered_display": "100", "missing_lines": 0, "excluded_lines": 0}, "missing_lines": [], "excluded_lines": []}, "PageRepository.update_page_group": {"executed_lines": [624, 625, 627, 628, 629, 631, 632, 633, 635, 636], "summary": {"covered_lines": 10, "num_statements": 13, "percent_covered": 76.92307692307692, "percent_covered_display": "77", "missing_lines": 3, "excluded_lines": 0}, "missing_lines": [638, 639, 640], "excluded_lines": []}, "PageRepository.remove_page_from_group": {"executed_lines": [655, 656, 658, 659, 660, 662, 663, 664, 666, 667], "summary": {"covered_lines": 10, "num_statements": 13, "percent_covered": 76.92307692307692, "percent_covered_display": "77", "missing_lines": 3, "excluded_lines": 0}, "missing_lines": [669, 670, 671], "excluded_lines": []}, "PageRepository.get_pages_by_group_and_status": {"executed_lines": [691, 692, 693, 695, 696, 697, 698, 700, 702, 703, 704, 706, 707, 710], "summary": {"covered_lines": 14, "num_statements": 17, "percent_covered": 82.3529411764706, "percent_covered_display": "82", "missing_lines": 3, "excluded_lines": 0}, "missing_lines": [712, 713, 714], "excluded_lines": []}, "PageRepository._row_to_page": {"executed_lines": [729], "summary": {"covered_lines": 1, "num_statements": 1, "percent_covered": 100.0, "percent_covered_display": "100", "missing_lines": 0, "excluded_lines": 0}, "missing_lines": [], "excluded_lines": []}, "": {"executed_lines": [1, 2, 3, 4, 5, 6, 8, 11, 14, 15, 31, 32, 33, 34, 35, 36, 37, 38, 39, 40, 43, 44, 53, 63, 64, 71, 120, 152, 184, 238, 270, 306, 347, 382, 402, 422, 457, 508, 576, 610, 642, 673, 716], "summary": {"covered_lines": 34, "num_statements": 34, "percent_covered": 100.0, "percent_covered_display": "100", "missing_lines": 0, "excluded_lines": 0}, "missing_lines": [], "excluded_lines": []}}, "classes": {"Page": {"executed_lines": [], "summary": {"covered_lines": 0, "num_statements": 0, "percent_covered": 100.0, "percent_covered_display": "100", "missing_lines": 0, "excluded_lines": 0}, "missing_lines": [], "excluded_lines": []}, "PageRepository": {"executed_lines": [60, 61, 66, 67, 68, 69, 96, 98, 99, 100, 101, 104, 105, 106, 109, 110, 111, 112, 113, 133, 134, 139, 140, 141, 142, 143, 144, 145, 146, 147, 165, 166, 171, 172, 173, 174, 175, 176, 177, 202, 203, 204, 211, 213, 220, 222, 223, 224, 225, 226, 230, 252, 253, 254, 255, 257, 258, 260, 261, 262, 263, 264, 265, 285, 287, 288, 289, 291, 292, 293, 295, 296, 297, 298, 300, 301, 302, 303, 304, 321, 323, 324, 327, 328, 329, 332, 333, 335, 336, 339, 341, 342, 395, 397, 415, 417, 435, 436, 437, 440, 441, 445, 446, 447, 448, 449, 452, 589, 590, 598, 599, 600, 602, 603, 604, 606, 607, 608, 624, 625, 627, 628, 629, 631, 632, 633, 635, 636, 655, 656, 658, 659, 660, 662, 663, 664, 666, 667, 691, 692, 693, 695, 696, 697, 698, 700, 702, 703, 704, 706, 707, 710, 729], "summary": {"covered_lines": 153, "num_statements": 251, "percent_covered": 60.95617529880478, "percent_covered_display": "61", "missing_lines": 98, "excluded_lines": 0}, "missing_lines": [115, 116, 117, 118, 148, 149, 150, 178, 179, 180, 181, 182, 231, 232, 236, 266, 267, 268, 325, 343, 344, 345, 361, 362, 363, 364, 367, 368, 370, 371, 374, 376, 377, 378, 379, 380, 398, 399, 400, 418, 419, 420, 453, 454, 455, 473, 474, 475, 478, 479, 486, 487, 488, 492, 493, 494, 496, 497, 499, 500, 503, 504, 505, 506, 528, 529, 530, 533, 534, 540, 541, 542, 545, 546, 547, 548, 551, 554, 555, 558, 561, 562, 564, 565, 567, 568, 570, 571, 572, 638, 639, 640, 669, 670, 671, 712, 713, 714], "excluded_lines": []}, "": {"executed_lines": [1, 2, 3, 4, 5, 6, 8, 11, 14, 15, 31, 32, 33, 34, 35, 36, 37, 38, 39, 40, 43, 44, 53, 63, 64, 71, 120, 152, 184, 238, 270, 306, 347, 382, 402, 422, 457, 508, 576, 610, 642, 673, 716], "summary": {"covered_lines": 34, "num_statements": 34, "percent_covered": 100.0, "percent_covered_display": "100", "missing_lines": 0, "excluded_lines": 0}, "missing_lines": [], "excluded_lines": []}}}, "context_bridge/database/repositories/tag_repository.py": {"executed_lines": [1, 5, 6, 7, 8, 16, 19, 20, 22, 29, 31, 70, 103, 136, 182, 212, 249, 269, 297, 320, 343, 362, 398, 426, 477, 514, 556], "summary": {"covered_lines": 25, "num_statements": 143, "percent_covered": 17.482517482517483, "percent_covered_display": "17", "missing_lines": 118, "excluded_lines": 0}, "missing_lines": [45, 47, 48, 57, 58, 59, 61, 62, 80, 81, 90, 91, 92, 94, 95, 113, 114, 123, 124, 125, 127, 128, 153, 154, 156, 157, 158, 159, 160, 162, 163, 165, 166, 168, 169, 170, 180, 189, 190, 198, 199, 200, 210, 223, 225, 226, 236, 237, 238, 240, 241, 259, 261, 262, 263, 280, 282, 283, 284, 292, 293, 294, 295, 308, 309, 311, 313, 314, 315, 316, 318, 331, 333, 334, 341, 353, 355, 356, 360, 372, 373, 384, 385, 386, 396, 412, 413, 424, 445, 446, 448, 450, 451, 460, 463, 464, 471, 473, 474, 475, 484, 485, 500, 501, 502, 512, 524, 525, 542, 543, 544, 554, 563, 564, 573, 574, 575, 577], "excluded_lines": [], "functions": {"TagRepository.__init__": {"executed_lines": [29], "summary": {"covered_lines": 1, "num_statements": 1, "percent_covered": 100.0, "percent_covered_display": "100", "missing_lines": 0, "excluded_lines": 0}, "missing_lines": [], "excluded_lines": []}, "TagRepository.create_tag": {"executed_lines": [], "summary": {"covered_lines": 0, "num_statements": 8, "percent_covered": 0.0, "percent_covered_display": "0", "missing_lines": 8, "excluded_lines": 0}, "missing_lines": [45, 47, 48, 57, 58, 59, 61, 62], "excluded_lines": []}, "TagRepository.get_tag_by_id": {"executed_lines": [], "summary": {"covered_lines": 0, "num_statements": 7, "percent_covered": 0.0, "percent_covered_display": "0", "missing_lines": 7, "excluded_lines": 0}, "missing_lines": [80, 81, 90, 91, 92, 94, 95], "excluded_lines": []}, "TagRepository.get_tag_by_name": {"executed_lines": [], "summary": {"covered_lines": 0, "num_statements": 7, "percent_covered": 0.0, "percent_covered_display": "0", "missing_lines": 7, "excluded_lines": 0}, "missing_lines": [113, 114, 123, 124, 125, 127, 128], "excluded_lines": []}, "TagRepository.list_tags": {"executed_lines": [], "summary": {"covered_lines": 0, "num_statements": 15, "percent_covered": 0.0, "percent_covered_display": "0", "missing_lines": 15, "excluded_lines": 0}, "missing_lines": [153, 154, 156, 157, 158, 159, 160, 162, 163, 165, 166, 168, 169, 170, 180], "excluded_li
[...]
 102, 152, 215, 254, 308, 331, 339, 373, 398], "summary": {"covered_lines": 29, "num_statements": 29, "percent_covered": 100.0, "percent_covered_display": "100", "missing_lines": 0, "excluded_lines": 0}, "missing_lines": [], "excluded_lines": []}}}, "context_bridge/service/llm_model_provider.py": {"executed_lines": [1, 7, 8, 9, 10, 11, 13, 14, 15, 16, 17, 19, 22, 23, 25, 26, 27, 30, 36, 37, 38, 40, 41, 43, 44, 47, 48, 72, 80, 87, 99, 100, 101, 102, 104, 108, 112, 122, 123, 126, 127, 128, 132, 153, 154, 156, 157, 158, 159, 165, 169, 170, 172, 173, 179, 180, 187, 188, 189, 191, 192, 194, 195, 198, 201, 203, 205, 211, 226, 227, 229, 236, 237, 238, 239, 241, 243, 244, 247, 248, 261, 262, 264, 272, 281, 283, 289], "summary": {"covered_lines": 78, "num_statements": 97, "percent_covered": 80.41237113402062, "percent_covered_display": "80", "missing_lines": 19, "excluded_lines": 0}, "missing_lines": [106, 110, 130, 174, 175, 202, 207, 208, 209, 245, 250, 251, 252, 253, 254, 255, 256, 257, 259], "excluded_lines": [], "functions": {"ExecutorRunResult.usage": {"executed_lines": [44], "summary": {"covered_lines": 1, "num_statements": 1, "percent_covered": 100.0, "percent_covered_display": "100", "missing_lines": 0, "excluded_lines": 0}, "missing_lines": [], "excluded_lines": []}, "ModelProvider.__init__": {"executed_lines": [99, 100, 101, 102], "summary": {"covered_lines": 4, "num_statements": 4, "percent_covered": 100.0, "percent_covered_display": "100", "missing_lines": 0, "excluded_lines": 0}, "missing_lines": [], "excluded_lines": []}, "ModelProvider.set_executor": {"executed_lines": [], "summary": {"covered_lines": 0, "num_statements": 1, "percent_covered": 0.0, "percent_covered_display": "0", "missing_lines": 1, "excluded_lines": 0}, "missing_lines": [106], "excluded_lines": []}, "ModelProvider.set_backend_mode": {"executed_lines": [], "summary": {"covered_lines": 0, "num_statements": 1, "percent_covered": 0.0, "percent_covered_display": "0", "missing_lines": 1, "excluded_lines": 0}, "missing_lines": [110], "excluded_lines": []}, "ModelProvider._get_api_key": {"executed_lines": [122, 123, 126, 127, 128], "summary": {"covered_lines": 5, "num_statements": 6, "percent_covered": 83.33333333333333, "percent_covered_display": "83", "missing_lines": 1, "excluded_lines": 0}, "missing_lines": [130], "excluded_lines": []}, "ModelProvider.get_model": {"executed_lines": [153, 154, 156, 157, 158, 159, 165, 169, 170, 172, 173, 179, 180, 187, 188, 189, 191, 192, 194, 195, 198, 201, 203, 205], "summary": {"covered_lines": 24, "num_statements": 30, "percent_covered": 80.0, "percent_covered_display": "80", "missing_lines": 6, "excluded_lines": 0}, "missing_lines": [174, 175, 202, 207, 208, 209], "excluded_lines": []}, "ModelProvider.run_agent": {"executed_lines": [226, 227, 229, 236, 237, 238, 239], "summary": {"covered_lines": 7, "num_statements": 7, "percent_covered": 100.0, "percent_covered_display": "100", "missing_lines": 0, "excluded_lines": 0}, "missing_lines": [], "excluded_lines": []}, "ModelProvider._parse_output": {"executed_lines": [243, 244, 247, 248], "summary": {"covered_lines": 4, "num_statements": 14, "percent_covered": 28.571428571428573, "percent_covered_display": "29", "missing_lines": 10, "excluded_lines": 0}, "missing_lines": [245, 250, 251, 252, 253, 254, 255, 256, 257, 259], "excluded_lines": []}, "ModelProvider._usage_from_payload": {"executed_lines": [264], "summary": {"covered_lines": 1, "num_statements": 1, "percent_covered": 100.0, "percent_covered_display": "100", "missing_lines": 0, "excluded_lines": 0}, "missing_lines": [], "excluded_lines": []}, "ModelProvider.supports_provider": {"executed_lines": [281], "summary": {"covered_lines": 1, "num_statements": 1, "percent_covered": 100.0, "percent_covered_display": "100", "missing_lines": 0, "excluded_lines": 0}, "missing_lines": [], "excluded_lines": []}, "ModelProvider.get_supported_providers": {"executed_lines": [289], "summary": {"covered_lines": 1, "num_statements": 1, "percent_covered": 100.0, "percent_covered_display": "100", "missing_lines": 0, "excluded_lines": 0}, "missing_lines": [], "excluded_lines": []}, "": {"executed_lines": [1, 7, 8, 9, 10, 11, 13, 14, 15, 16, 17, 19, 22, 23, 25, 26, 27, 30, 36, 37, 38, 40, 41, 43, 47, 48, 72, 80, 87, 104, 108, 112, 132, 211, 241, 261, 262, 272, 283], "summary": {"covered_lines": 30, "num_statements": 30, "percent_covered": 100.0, "percent_covered_display": "100", "missing_lines": 0, "excluded_lines": 0}, "missing_lines": [], "excluded_lines": []}}, "classes": {"LLMChatResult": {"executed_lines": [], "summary": {"covered_lines": 0, "num_statements": 0, "percent_covered": 100.0, "percent_covered_display": "100", "missing_lines": 0, "excluded_lines": 0}, "missing_lines": [], "excluded_lines": []}, "ExecutorRunResult": {"executed_lines": [44], "summary": {"covered_lines": 1, "num_statements": 1, "percent_covered": 100.0, "percent_covered_display": "100", "missing_lines": 0, "excluded_lines": 0}, "missing_lines": [], "excluded_lines": []}, "ModelProvider": {"executed_lines": [99, 100, 101, 102, 122, 123, 126, 127, 128, 153, 154, 156, 157, 158, 159, 165, 169, 170, 172, 173, 179, 180, 187, 188, 189, 191, 192, 194, 195, 198, 201, 203, 205, 226, 227, 229, 236, 237, 238, 239, 243, 244, 247, 248, 264, 281, 289], "summary": {"covered_lines": 47, "num_statements": 66, "percent_covered": 71.21212121212122, "percent_covered_display": "71", "missing_lines": 19, "excluded_lines": 0}, "missing_lines": [106, 110, 130, 174, 175, 202, 207, 208, 209, 245, 250, 251, 252, 253, 254, 255, 256, 257, 259], "excluded_lines": []}, "": {"executed_lines": [1, 7, 8, 9, 10, 11, 13, 14, 15, 16, 17, 19, 22, 23, 25, 26, 27, 30, 36, 37, 38, 40, 41, 43, 47, 48, 72, 80, 87, 104, 108, 112, 132, 211, 241, 261, 262, 272, 283], "summary": {"covered_lines": 30, "num_statements": 30, "percent_covered": 100.0, "percent_covered_display": "100", "missing_lines": 0, "excluded_lines": 0}, "missing_lines": [], "excluded_lines": []}}}, "context_bridge/service/reprocessing_service.py": {"executed_lines": [1, 8, 9, 10, 11, 13, 14, 15, 16, 17, 18, 19, 20, 21, 23, 26, 27, 29, 47, 48, 49, 50, 51, 52, 55, 56, 57, 60, 61, 63, 72, 95, 97, 99, 100, 101, 103, 106, 112, 113, 114, 115, 118, 119, 120, 122, 125, 126, 129, 133, 136, 137, 138, 139, 143, 146, 151, 152, 153, 156, 162, 165, 176, 185, 186, 188, 189, 192, 193, 197, 198, 200, 202, 224, 226, 235, 244, 247, 248, 250, 251, 252, 259, 261, 265, 266, 267, 269, 274, 276, 293, 295, 297, 303, 320, 321, 329, 339, 340, 342, 361, 363, 364, 366, 367, 373, 380, 386], "summary": {"covered_lines": 106, "num_statements": 121, "percent_covered": 87.60330578512396, "percent_covered_display": "88", "missing_lines": 15, "excluded_lines": 0}, "missing_lines": [68, 69, 70, 147, 148, 262, 263, 323, 324, 325, 369, 370, 382, 383, 384], "excluded_lines": [], "functions": {"ReprocessingService.__init__": {"executed_lines": [47, 48, 49, 50, 51, 52, 55, 56, 57, 60, 61, 63], "summary": {"covered_lines": 12, "num_statements": 15, "percent_covered": 80.0, "percent_covered_display": "80", "missing_lines": 3, "excluded_lines": 0}, "missing_lines": [68, 69, 70], "excluded_lines": []}, "ReprocessingService.reprocess_group": {"executed_lines": [95, 97, 99, 100, 101, 103, 106, 112, 113, 114, 115, 118, 119, 120, 122, 125, 126, 129, 133, 136, 137, 138, 139, 143, 146, 151, 152, 153, 156, 162, 165, 176, 185, 186, 188, 189, 192, 193, 197, 198, 200], "summary": {"covered_lines": 41, "num_statements": 43, "percent_covered": 95.34883720930233, "percent_covered_display": "95", "missing_lines": 2, "excluded_lines": 0}, "missing_lines": [147, 148], "excluded_lines": []}, "ReprocessingService.reprocess_multiple_groups": {"executed_lines": [224, 226, 235, 244, 247, 248, 250, 251, 252, 259, 261, 265, 266, 267, 269, 274], "summary": {"covered_lines": 16, "num_statements": 18, "percent_covered": 88.88888888888889, "percent_covered_display": "89", "missing_lines": 2, "excluded_lines": 0}, "missing_lines": [262, 263], "excluded_lines": []}, "ReprocessingService.list_reprocessable_groups": {"executed_lines": [293, 295, 297, 303, 320, 321], "summary": {"covered_lines": 6, "num_statements": 9, "percent_covered": 66.66666666666667, "percent_covered_display": "67", "missing_lines": 3, "excluded_lines": 0}, "missing_lines": [323, 324, 325], "excluded_lines": []}, "ReprocessingService._combine_page_content": {"executed_lines": [339, 340], "summary": {"covered_lines": 2, "num_statements": 2, "percent_covered": 100.0, "percent_covered_display": "100", "missing_lines": 0, "excluded_lines": 0}, "missing_lines": [], "excluded_lines": []}, "ReprocessingService._store_reprocessed_chunks": {"executed_lines": [361, 363, 364, 366, 367, 373, 380, 386], "summary": {"covered_lines": 8, "num_statements": 13, "percent_covered": 61.53846153846154, "percent_covered_display": "62", "missing_lines": 5, "excluded_lines": 0}, "missing_lines": [369, 370, 382, 383, 384], "excluded_lines": []}, "": {"executed_lines": [1, 8, 9, 10, 11, 13, 14, 15, 16, 17, 18, 19, 20, 21, 23, 26, 27, 29, 72, 202, 276, 329, 342], "summary": {"covered_lines": 21, "num_statements": 21, "percent_covered": 100.0, "percent_covered_display": "100", "missing_lines": 0, "excluded_lines": 0}, "missing_lines": [], "excluded_lines": []}}, "classes": {"ReprocessingService": {"executed_lines": [47, 48, 49, 50, 51, 52, 55, 56, 57, 60, 61, 63, 95, 97, 99, 100, 101, 103, 106, 112, 113, 114, 115, 118, 119, 120, 122, 125, 126, 129, 133, 136, 137, 138, 139, 143, 146, 151, 152, 153, 156, 162, 165, 176, 185, 186, 188, 189, 192, 193, 197, 198, 200, 224, 226, 235, 244, 247, 248, 250, 251, 252, 259, 261, 265, 266, 267, 269, 274, 293, 295, 297, 303, 320, 321, 339, 340, 361, 363, 364, 366, 367, 373, 380, 386], "summary": {"covered_lines": 85, "num_statements": 100, "percent_covered": 85.0, "percent_covered_display": "85", "missing_lines": 15, "excluded_lines": 0}, "missing_lines": [68, 69, 70, 147, 148, 262, 263, 323, 324, 325, 369, 370, 382, 383, 384], "excluded_lines": []}, "": {"executed_lines": [1, 8, 9, 10, 11, 13, 14, 15, 16, 17, 18, 19, 20, 21, 23, 26, 27, 29, 72, 202, 276, 329, 342], "summary": {"covered_lines": 21, "num_statements": 21, "percent_covered": 100.0, "percent_covered_display": "100", "missing_lines": 0, "excluded_lines": 0}, "missing_lines": [], "excluded_lines": []}}}, "context_bridge/service/search_service.py": {"executed_lines": [1, 2, 3, 5, 6, 11, 13, 16, 17, 19, 20, 23, 24, 26, 27, 28, 29, 30, 31, 34, 35, 42, 60, 61, 62, 63, 64, 66, 68, 84, 86, 91, 92, 94, 95, 98, 100, 101, 107, 139, 141, 142, 145, 148, 158, 159, 164, 165, 166, 174, 176, 179, 187, 205, 207, 208, 213, 216, 218, 220, 221, 225, 227, 237, 238, 239, 247, 249, 250, 256, 259, 265, 282, 283, 286, 287, 288, 289, 290, 293, 294, 295, 296, 299, 300, 301, 302, 305, 306, 307, 308, 311], "summary": {"covered_lines": 81, "num_statements": 99, "percent_covered": 81.81818181818181, "percent_covered_display": "82", "missing_lines": 18, "excluded_lines": 0}, "missing_lines": [103, 104, 105, 160, 161, 181, 182, 185, 209, 210, 222, 223, 252, 253, 254, 261, 262, 263], "excluded_lines": [], "functions": {"SearchService.__init__": {"executed_lines": [60, 61, 62, 63, 64, 66], "summary": {"covered_lines": 6, "num_statements": 6, "percent_covered": 100.0, "percent_covered_display": "100", "missing_lines": 0, "excluded_lines": 0}, "missing_lines": [], "excluded_lines": []}, "SearchService.find_documents": {"executed_lines": [84, 86, 91, 92, 94, 95, 98, 100, 101], "summary": {"covered_lines": 9, "num_statements": 12, "percent_covered": 75.0, "percent_covered_display": "75", "missing_lines": 3, "excluded_lines": 0}, "missing_lines": [103, 104, 105], "excluded_lines": []}, "SearchService.search_content": {"executed_lines": [139, 141, 142, 145, 148, 158, 159, 164, 165, 166, 174, 176, 179], "summary": {"covered_lines": 13, "num_statements": 18, "percent_covered": 72.22222222222223, "percent_covered_display": "72", "missing_lines": 5, "excluded_lines": 0}, "missing_lines": [160, 161, 181, 182, 185], "excluded_lines": []}, "SearchService.search_across_versions": {"executed_lines": [205, 207, 208, 213, 216, 218, 220, 221, 225, 227, 237, 238, 239, 247, 249, 250, 256, 259], "summary": {"covered_lines": 18, "num_statements": 28, "percent_covered": 64.28571428571429, "percent_covered_display": "64", "missing_lines": 10, "excluded_lines": 0}, "missing_lines": [209, 210, 222, 223, 252, 253, 254, 261, 262, 263], "excluded_lines": []}, "SearchService._calculate_document_relevance": {"executed_lines": [282, 283, 286, 287, 288, 289, 290, 293, 294, 295, 296, 299, 300, 301, 302, 305, 306, 307, 308, 311], "summary": {"covered_lines": 20, "num_statements": 20, "percent_covered": 100.0, "percent_covered_display": "100", "missing_lines": 0, "excluded_lines": 0}, "missing_lines": [], "excluded_lines": []}, "": {"executed_lines": [1, 2, 3, 5, 6, 11, 13, 16, 17, 19, 20, 23, 24, 26, 27, 28, 29, 30, 31, 34, 35, 42, 68, 107, 187, 265], "summary": {"covered_lines": 15, "num_statements": 15, "percent_covered": 100.0, "percent_covered_display": "100", "missing_lines": 0, "excluded_lines": 0}, "missing_lines": [], "excluded_lines": []}}, "classes": {"DocumentSearchResult": {"executed_lines": [], "summary": {"covered_lines": 0, "num_statements": 0, "percent_covered": 100.0, "percent_covered_display": "100", "missing_lines": 0, "excluded_lines": 0}, "missing_lines": [], "excluded_lines": []}, "ContentSearchResult": {"executed_lines": [], "summary": {"covered_lines": 0, "num_statements": 0, "percent_covered": 100.0, "percent_covered_display": "100", "missing_lines": 0, "excluded_lines": 0}, "missing_lines": [], "excluded_lines": []}, "SearchService": {"executed_lines": [60, 61, 62, 63, 64, 66, 84, 86, 91, 92, 94, 95, 98, 100, 101, 139, 141, 142, 145, 148, 158, 159, 164, 165, 166, 174, 176, 179, 205, 207, 208, 213, 216, 218, 220, 221, 225, 227, 237, 238, 239, 247, 249, 250, 256, 259, 282, 283, 286, 287, 288, 289, 290, 293, 294, 295, 296, 299, 300, 301, 302, 305, 306, 307, 308, 311], "summary": {"covered_lines": 66, "num_statements": 84, "percent_covered": 78.57142857142857, "percent_covered_display": "79", "missing_lines": 18, "excluded_lines": 0}, "missing_lines": [103, 104, 105, 160, 161, 181, 182, 185, 209, 210, 222, 223, 252, 253, 254, 261, 262, 263], "excluded_lines": []}, "": {"executed_lines": [1, 2, 3, 5, 6, 11, 13, 16, 17, 19, 20, 23, 24, 26, 27, 28, 29, 30, 31, 34, 35, 42, 68, 107, 187, 265], "summary": {"covered_lines": 15, "num_statements": 15, "percent_covered": 100.0, "percent_covered_display": "100", "missing_lines": 0, "excluded_lines": 0}, "missing_lines": [], "excluded_lines": []}}}, "context_bridge/service/url_service.py": {"executed_lines": [1, 7, 8, 9, 10, 12, 15, 16, 18, 19, 20, 23, 24, 30, 36, 38, 50, 51, 54, 55, 58, 59, 64, 66, 67, 70, 71, 74, 75, 78, 80, 82, 91, 93, 96, 100, 101, 105, 106, 109, 120, 121, 124, 125, 138, 148, 149, 151, 153, 154, 156, 165, 166, 167, 168, 171, 179, 180, 181, 184, 195, 196, 197, 200, 206, 215, 216, 217, 218, 221, 229, 230, 231, 233, 238, 247, 248, 249, 252, 263, 264, 265, 267, 272, 281, 282, 283, 284, 285], "summary": {"covered_lines": 86, "num_statements": 97, "percent_covered": 88.65979381443299, "percent_covered_display": "89", "missing_lines": 11, "excluded_lines": 0}, "missing_lines": [60, 61, 102, 202, 204, 235, 236, 269, 270, 286, 287], "excluded_lines": [], "functions": {"UrlService.__init__": {"executed_lines": [36], "summary": {"covered_lines": 1, "num_statements": 1, "percent_covered": 100.0, "percent_covered_display": "100", "missing_lines": 0, "excluded_lines": 0}, "missing_lines": [], "excluded_lines": []}, "UrlService.normalize_url": {"executed_lines": [50, 51, 54, 55, 58, 59, 64, 66, 67, 70, 71, 74, 75, 78, 80], "summary": {"covered_lines": 15, "num_statements": 17, "percent_covered": 88.23529411764706, "percent_covered_display": "88", "missing_lines": 2, "excluded_lines": 0}, "missing_lines": [60, 61], "excluded_lines": []}, "UrlService.is_valid_documentation_url": {"executed_lines": [91, 93, 96, 100, 101, 105, 106, 109, 120, 121, 124, 125, 138, 148, 149, 151, 153, 154], "summary": {"covered_lines": 18, "num_statements": 19, "percent_covered": 94.73684210526316, "percent_covered_display": "95", "missing_lines": 1, "excluded_lines": 0}, "missing_lines": [102], "excluded_lines": []}, "UrlService.detect_url_type": {"executed_lines": [165, 166, 167, 168, 171, 179, 180, 181, 184, 195, 196, 197, 200], "summary": {"covered_lines": 13, "num_statements": 15, "percent_covered": 86.66666666666667, "percent_covered_display": "87", "missing_lines": 2, "excluded_lines": 0}, "missing_lines": [202, 204], "excluded_lines": []}, "UrlService.is_sitemap": {"executed_lines": [215, 216, 217, 218, 221, 229, 230, 231, 233], "summary": {"covered_lines": 9, "num_statements": 11, "percent_covered": 81.81818181818181, "percent_covered_display": "82", "missing_lines": 2, "excluded_lines": 0}, "missing_lines": [235, 236], "excluded_lines": []}, "UrlService.is_txt": {"executed_lines": [247, 248, 249, 252, 263, 264, 265, 267], "summary": {"covered_lines": 8, "num_statements": 10, "percent_covered": 80.0, "percent_covered_display": "80", "missing_lines": 2, "excluded_lines": 0}, "missing_lines": [269, 270], "excluded_lines": []}, "UrlService.get_domain": {"executed_lines": [281, 282, 283, 284, 285], "summary": {"covered_lines": 5, "num_statements": 7, "percent_covered": 71.42857142857143, "percent_covered_display": "71", "missing_lines": 2, "excluded_lines": 0}, "missing_lines": [286, 287], "excluded_lines": []}, "": {"executed_lines": [1, 7, 8, 9, 10, 12, 15, 16, 18, 19, 20, 23, 24, 30, 38, 82, 156, 206, 238, 272], "summary": {"covered_lines": 17, "num_statements": 17, "percent_covered": 100.0, "percent_covered_display": "100", "missing_lines": 0, "excluded_lines": 0}, "missing_lines": [], "excluded_lines": []}}, "classes": {"UrlType": {"executed_lines": [], "summary": {"covered_lines": 0, "num_statements": 0, "percent_covered": 100.0, "percent_covered_display": "100", "missing_lines": 0, "excluded_lines": 0}, "missing_lines": [], "excluded_lines": []}, "UrlService": {"executed_lines": [36, 50, 51, 54, 55, 58, 59, 64, 66, 67, 70, 71, 74, 75, 78, 80, 91, 93, 96, 100, 101, 105, 106, 109, 120, 121, 124, 125, 138, 148, 149, 151, 153, 154, 165, 166, 167, 168, 171, 179, 180, 181, 184, 195, 196, 197, 200, 215, 216, 217, 218, 221, 229, 230, 231, 233, 247, 248, 249, 252, 263, 264, 265, 267, 281, 282, 283, 284, 285], "summary": {"covered_lines": 69, "num_statements": 80, "percent_covered": 86.25, "percent_covered_display": "86", "missing_lines": 11, "excluded_lines": 0}, "missing_lines": [60, 61, 102, 202, 204, 235, 236, 269, 270, 286, 287], "excluded_lines": []}, "": {"executed_lines": [1, 7, 8, 9, 10, 12, 15, 16, 18, 19, 20, 23, 24, 30, 38, 82, 156, 206, 238, 272], "summary": {"covered_lines": 17, "num_statements": 17, "percent_covered": 100.0, "percent_covered_display": "100", "missing_lines": 0, "excluded_lines": 0}, "missing_lines": [], "excluded_lines": []}}}, "context_bridge/usage_processor.py": {"executed_lines": [1, 8, 9, 12], "summary": {"covered_lines": 3, "num_statements": 3, "percent_covered": 100.0, "percent_covered_display": "100", "missing_lines": 0, "excluded_lines": 0}, "missing_lines": [], "excluded_lines": [], "functions": {"": {"executed_lines": [1, 8, 9, 12], "summary": {"covered_lines": 3, "num_statements": 3, "percent_covered": 100.0, "percent_covered_display": "100", "missing_lines": 0, "excluded_lines": 0}, "missing_lines": [], "excluded_lines": []}}, "classes": {"": {"executed_lines": [1, 8, 9, 12], "summary": {"covered_lines": 3, "num_statements": 3, "percent_covered": 100.0, "percent_covered_display": "100", "missing_lines": 0, "excluded_lines": 0}, "missing_lines": [], "excluded_lines": []}}}}, "totals": {"covered_lines": 2143, "num_statements": 3022, "percent_covered": 70.91330244870946, "percent_covered_display": "71", "missing_lines": 879, "excluded_lines": 4}}